{
  apikey: '45c66011-814f-47fa-b1a6-cb4b31bc5ada',
  task: 'reactor',
  answer: { command: 'start' }
}
{
  code: 100,
  message: 'Reactor board initialized.',
  board: [
    [
      '.', 'B', '.',
      'B', '.', '.',
      '.'
    ],
    [
      '.', 'B', '.',
      'B', '.', '.',
      '.'
    ],
    [
      '.', '.', '.',
      '.', 'B', '.',
      '.'
    ],
    [
      '.', '.', 'B',
      '.', 'B', 'B',
      '.'
    ],
    [
      'P', '.', 'B',
      '.', '.', 'B',
      'G'
    ]
  ],
  player: { col: 1, row: 5 },
  goal: { col: 7, row: 5 },
  blocks: [
    { col: 2, top_row: 1, bottom_row: 2, direction: 'down' },
    { col: 3, top_row: 4, bottom_row: 5, direction: 'up' },
    { col: 4, top_row: 1, bottom_row: 2, direction: 'down' },
    { col: 5, top_row: 3, bottom_row: 4, direction: 'down' },
    { col: 6, top_row: 4, bottom_row: 5, direction: 'up' }
  ],
  reached_goal: false
}