Starting windpower agent...
[standard] Starting (depth: 0)
[standard] Tool: windpower_start({})
[+1.6s] {
  apikey: '45c66011-814f-47fa-b1a6-cb4b31bc5ada',
  task: 'windpower',
  answer: { action: 'start' }
}
[+1.9s] {"code":60,"message":"Windpower session started.","sessionStart":"2026-04-15 09:29:22","sessionTimeout":40}
[standard] ← {"code":60,"message":"Windpower session started.","sessionStart":"2026-04-15 09:29:22","sessionTimeout":40}
[standard] Tool: windpower_get({"params":["weather","turbinecheck","powerplantcheck"]})
[+3.1s] {
  apikey: '45c66011-814f-47fa-b1a6-cb4b31bc5ada',
  task: 'windpower',
  answer: { action: 'get', param: 'weather' }
}
[+3.1s] {
  apikey: '45c66011-814f-47fa-b1a6-cb4b31bc5ada',
  task: 'windpower',
  answer: { action: 'get', param: 'turbinecheck' }
}
[+3.1s] {
  apikey: '45c66011-814f-47fa-b1a6-cb4b31bc5ada',
  task: 'windpower',
  answer: { action: 'get', param: 'powerplantcheck' }
}
[+3.2s] {"code":21,"message":"Task has been queued. Use getResult to retrieve the response."}
[+3.3s] {"code":41,"message":"Task has been queued. Use getResult to retrieve the response."}
[+3.3s] {"code":31,"message":"Task has been queued. Use getResult to retrieve the response."}
[+12.5s] {
  code: 12,
  message: 'insufficient energy to start management systems',
  sourceFunction: 'powerplantcheck',
  mode: 'StandBy',
  cooling: 'within norm',
  firmware: 'operational',
  powerDeficitKw: '3-4',
  producedPowerKw: 0
}
[+14.4s] {
  code: 12,
  message: 'Low battery level detected in turbine backup power system.',
  sourceFunction: 'turbinecheck',
  status: 'Turbine is operating correctly.',
  bladePitchAngleDeg: 0,
  battery: 'low'
}
[+26.4s] {
  code: 12,
  message: 'Queued response retrieved.',
  sourceFunction: 'weather',
  intervalHours: 2,
  forecastDays: 7,
  unit: { windMs: 'm/s', precipitationMm: 'mm', temperatureC: 'C' },
  forecast: [
    {
      timestamp: '2026-04-15 00:00:00',
      windMs: 3.2,
      precipitationMm: 0,
      temperatureC: 28.5
    },
    {
      timestamp: '2026-04-15 02:00:00',
      windMs: 2.6,
      precipitationMm: 0,
      temperatureC: 27.4
    },
    {
      timestamp: '2026-04-15 04:00:00',
      windMs: 2.7,
      precipitationMm: 0,
      temperatureC: 28.2
    },
    {
      timestamp: '2026-04-15 06:00:00',
      windMs: 2.7,
      precipitationMm: 0,
      temperatureC: 29.1
    },
    {
      timestamp: '2026-04-15 08:00:00',
      windMs: 2.4,
      precipitationMm: 0,
      temperatureC: 28
    },
    {
      timestamp: '2026-04-15 10:00:00',
      windMs: 3.1,
      precipitationMm: 0,
      temperatureC: 29.3
    },
    {
      timestamp: '2026-04-15 12:00:00',
      windMs: 3.4,
      precipitationMm: 0,
      temperatureC: 29.4
    },
    {
      timestamp: '2026-04-15 14:00:00',
      windMs: 3.2,
      precipitationMm: 0,
      temperatureC: 30.9
    },
    {
      timestamp: '2026-04-15 16:00:00',
      windMs: 3.2,
      precipitationMm: 0,
      temperatureC: 31.1
    },
    {
      timestamp: '2026-04-15 18:00:00',
      windMs: 2.9,
      precipitationMm: 0,
      temperatureC: 30.8
    },
    {
      timestamp: '2026-04-15 20:00:00',
      windMs: 2.6,
      precipitationMm: 0,
      temperatureC: 29.3
    },
    {
      timestamp: '2026-04-15 22:00:00',
      windMs: 2.4,
      precipitationMm: 0,
      temperatureC: 28.5
    },
    {
      timestamp: '2026-04-16 00:00:00',
      windMs: 2,
      precipitationMm: 0,
      temperatureC: 28.1
    },
    {
      timestamp: '2026-04-16 02:00:00',
      windMs: 2,
      precipitationMm: 0,
      temperatureC: 27.2
    },
    {
      timestamp: '2026-04-16 04:00:00',
      windMs: 2,
      precipitationMm: 0,
      temperatureC: 27.7
    },
    {
      timestamp: '2026-04-16 06:00:00',
      windMs: 3.2,
      precipitationMm: 0,
      temperatureC: 28.3
    },
    {
      timestamp: '2026-04-16 08:00:00',
      windMs: 2.8,
      precipitationMm: 0,
      temperatureC: 27.2
    },
    {
      timestamp: '2026-04-16 10:00:00',
      windMs: 3.1,
      precipitationMm: 0,
      temperatureC: 29.2
    },
    {
      timestamp: '2026-04-16 12:00:00',
      windMs: 3.8,
      precipitationMm: 0,
      temperatureC: 28.9
    },
    {
      timestamp: '2026-04-16 14:00:00',
      windMs: 3.3,
      precipitationMm: 0,
      temperatureC: 28.7
    },
    {
      timestamp: '2026-04-16 16:00:00',
      windMs: 3.3,
      precipitationMm: 0,
      temperatureC: 28.7
    },
    {
      timestamp: '2026-04-16 18:00:00',
      windMs: 25,
      precipitationMm: 0,
      temperatureC: 29.4
    },
    {
      timestamp: '2026-04-16 20:00:00',
      windMs: 5.9,
      precipitationMm: 0,
      temperatureC: 28.9
    },
    {
      timestamp: '2026-04-16 22:00:00',
      windMs: 3.9,
      precipitationMm: 0,
      temperatureC: 28.2
    },
    {
      timestamp: '2026-04-17 00:00:00',
      windMs: 3.9,
      precipitationMm: 0,
      temperatureC: 27.3
    },
    {
      timestamp: '2026-04-17 02:00:00',
      windMs: 3.7,
      precipitationMm: 0,
      temperatureC: 26.3
    },
    {
      timestamp: '2026-04-17 04:00:00',
      windMs: 2.8,
      precipitationMm: 0.2,
      temperatureC: 26.9
    },
    {
      timestamp: '2026-04-17 06:00:00',
      windMs: 2.5,
      precipitationMm: 0.2,
      temperatureC: 26.8
    },
    {
      timestamp: '2026-04-17 08:00:00',
      windMs: 2,
      precipitationMm: 0,
      temperatureC: 28.1
    },
    {
      timestamp: '2026-04-17 10:00:00',
      windMs: 2.6,
      precipitationMm: 0,
      temperatureC: 29.2
    },
    {
      timestamp: '2026-04-17 12:00:00',
      windMs: 3.2,
      precipitationMm: 0,
      temperatureC: 30.6
    },
    {
      timestamp: '2026-04-17 14:00:00',
      windMs: 3.8,
      precipitationMm: 0,
      temperatureC: 31.3
    },
    {
      timestamp: '2026-04-17 16:00:00',
      windMs: 3.3,
      precipitationMm: 0,
      temperatureC: 30.6
    },
    {
      timestamp: '2026-04-17 18:00:00',
      windMs: 3,
      precipitationMm: 0,
      temperatureC: 30.6
    },
    {
      timestamp: '2026-04-17 20:00:00',
      windMs: 3.5,
      precipitationMm: 0,
      temperatureC: 29.9
    },
    {
      timestamp: '2026-04-17 22:00:00',
      windMs: 3.7,
      precipitationMm: 0,
      temperatureC: 28.5
    },
    {
      timestamp: '2026-04-18 00:00:00',
      windMs: 3.7,
      precipitationMm: 0,
      temperatureC: 27.1
    },
    {
      timestamp: '2026-04-18 02:00:00',
      windMs: 2.8,
      precipitationMm: 0,
      temperatureC: 26
    },
    {
      timestamp: '2026-04-18 04:00:00',
      windMs: 2.5,
      precipitationMm: 0,
      temperatureC: 26.5
    },
    {
      timestamp: '2026-04-18 06:00:00',
      windMs: 3,
      precipitationMm: 0,
      temperatureC: 27.5
    },
    {
      timestamp: '2026-04-18 08:00:00',
      windMs: 3,
      precipitationMm: 0,
      temperatureC: 27.4
    },
    {
      timestamp: '2026-04-18 10:00:00',
      windMs: 3.1,
      precipitationMm: 0,
      temperatureC: 28.2
    },
    {
      timestamp: '2026-04-18 12:00:00',
      windMs: 2.5,
      precipitationMm: 0,
      temperatureC: 29.6
    },
    {
      timestamp: '2026-04-18 14:00:00',
      windMs: 2.4,
      precipitationMm: 0,
      temperatureC: 29.3
    },
    {
      timestamp: '2026-04-18 16:00:00',
      windMs: 2.8,
      precipitationMm: 0,
      temperatureC: 30.7
    },
    {
      timestamp: '2026-04-18 18:00:00',
      windMs: 3.3,
      precipitationMm: 0,
      temperatureC: 31.3
    },
    {
      timestamp: '2026-04-18 20:00:00',
      windMs: 5.9,
      precipitationMm: 0,
      temperatureC: 31.2
    },
    {
      timestamp: '2026-04-18 22:00:00',
      windMs: 3.9,
      precipitationMm: 0,
      temperatureC: 29.4
    },
    {
      timestamp: '2026-04-19 00:00:00',
      windMs: 3.9,
      precipitationMm: 0,
      temperatureC: 27.8
    },
    {
      timestamp: '2026-04-19 02:00:00',
      windMs: 3.7,
      precipitationMm: 0,
      temperatureC: 26.4
    },
    {
      timestamp: '2026-04-19 04:00:00',
      windMs: 3.1,
      precipitationMm: 0,
      temperatureC: 26.8
    },
    {
      timestamp: '2026-04-19 06:00:00',
      windMs: 3.1,
      precipitationMm: 0,
      temperatureC: 28.1
    },
    {
      timestamp: '2026-04-19 08:00:00',
      windMs: 2.4,
      precipitationMm: 0,
      temperatureC: 28.7
    },
    {
      timestamp: '2026-04-19 10:00:00',
      windMs: 3,
      precipitationMm: 0,
      temperatureC: 28.7
    },
    {
      timestamp: '2026-04-19 12:00:00',
      windMs: 2.6,
      precipitationMm: 0,
      temperatureC: 29.2
    },
    {
      timestamp: '2026-04-19 14:00:00',
      windMs: 2,
      precipitationMm: 0,
      temperatureC: 29.4
    },
    {
      timestamp: '2026-04-19 16:00:00',
      windMs: 2.5,
      precipitationMm: 0,
      temperatureC: 29.6
    },
    {
      timestamp: '2026-04-19 18:00:00',
      windMs: 22,
      precipitationMm: 0,
      temperatureC: 29.3
    },
    {
      timestamp: '2026-04-19 20:00:00',
      windMs: 3.9,
      precipitationMm: 0,
      temperatureC: 29
    },
    {
      timestamp: '2026-04-19 22:00:00',
      windMs: 3.9,
      precipitationMm: 0,
      temperatureC: 28.4
    },
    {
      timestamp: '2026-04-20 00:00:00',
      windMs: 3.1,
      precipitationMm: 0,
      temperatureC: 27.1
    },
    {
      timestamp: '2026-04-20 02:00:00',
      windMs: 2.4,
      precipitationMm: 0,
      temperatureC: 27
    },
    {
      timestamp: '2026-04-20 04:00:00',
      windMs: 2,
      precipitationMm: 0,
      temperatureC: 27.8
    },
    {
      timestamp: '2026-04-20 06:00:00',
      windMs: 2.9,
      precipitationMm: 0,
      temperatureC: 27.2
    },
    {
      timestamp: '2026-04-20 08:00:00',
      windMs: 2.8,
      precipitationMm: 0,
      temperatureC: 28
    },
    {
      timestamp: '2026-04-20 10:00:00',
      windMs: 2.5,
      precipitationMm: 0,
      temperatureC: 29.2
    },
    {
      timestamp: '2026-04-20 12:00:00',
      windMs: 3.3,
      precipitationMm: 0,
      temperatureC: 29.7
    },
    {
      timestamp: '2026-04-20 14:00:00',
      windMs: 3.5,
      precipitationMm: 0,
      temperatureC: 30.2
    },
    {
      timestamp: '2026-04-20 16:00:00',
      windMs: 3.6,
      precipitationMm: 0,
      temperatureC: 31.3
    },
    {
      timestamp: '2026-04-20 18:00:00',
      windMs: 28,
      precipitationMm: 0.2,
      temperatureC: 31.1
    },
    {
      timestamp: '2026-04-20 20:00:00',
      windMs: 3.9,
      precipitationMm: 0,
      temperatureC: 29.4
    },
    {
      timestamp: '2026-04-20 22:00:00',
      windMs: 3.9,
      precipitationMm: 0,
      temperatureC: 28.3
    },
    {
      timestamp: '2026-04-21 00:00:00',
      windMs: 2.5,
      precipitationMm: 0,
      temperatureC: 27.5
    },
    {
      timestamp: '2026-04-21 02:00:00',
      windMs: 3.1,
      precipitationMm: 0,
      temperatureC: 27.9
    },
    {
      timestamp: '2026-04-21 04:00:00',
      windMs: 3.1,
      precipitationMm: 0,
      temperatureC: 26.7
    },
    {
      timestamp: '2026-04-21 06:00:00',
      windMs: 2,
      precipitationMm: 0,
      temperatureC: 28.2
    },
    {
      timestamp: '2026-04-21 08:00:00',
      windMs: 2.8,
      precipitationMm: 0,
      temperatureC: 27.8
    },
    {
      timestamp: '2026-04-21 10:00:00',
      windMs: 2.5,
      precipitationMm: 0,
      temperatureC: 28
    },
    {
      timestamp: '2026-04-21 12:00:00',
      windMs: 2.4,
      precipitationMm: 0,
      temperatureC: 28.8
    },
    {
      timestamp: '2026-04-21 14:00:00',
      windMs: 2.8,
      precipitationMm: 0,
      temperatureC: 30.1
    },
    {
      timestamp: '2026-04-21 16:00:00',
      windMs: 2.7,
      precipitationMm: 0,
      temperatureC: 29.4
    },
    {
      timestamp: '2026-04-21 18:00:00',
      windMs: 2.9,
      precipitationMm: 0,
      temperatureC: 28.5
    },
    {
      timestamp: '2026-04-21 20:00:00',
      windMs: 3.3,
      precipitationMm: 0,
      temperatureC: 29.1
    },
    {
      timestamp: '2026-04-21 22:00:00',
      windMs: 2.8,
      precipitationMm: 0.4,
      temperatureC: 28.1
    }
  ]
}
[standard] ← {"documentation":null,"results":{"powerplantcheck":{"code":12,"message":"insufficient energy to start management systems","sourceFunction":"powerplantcheck","mode":"StandBy","cooling":"within norm","firmware":"operational","powerDeficitKw":"3-4","producedPowerKw":0},"turbinecheck":{"code":12,"messag…
[standard] Tool: windpower_config({"configs":[{"startDate":"2026-04-15","startHour":"09:00:00","windMs":3.2,"pitchAngle":0,"turbineMod…)
[+28.4s] {
  apikey: '45c66011-814f-47fa-b1a6-cb4b31bc5ada',
  task: 'windpower',
  answer: {
    action: 'unlockCodeGenerator',
    startDate: '2026-04-15',
    startHour: '09:00:00',
    windMs: 3.2,
    pitchAngle: 0
  }
}
[+28.5s] {"code":14,"message":"Task has been queued. Use getResult to retrieve the response."}
[+30.4s] {
  code: 12,
  message: 'Queued response retrieved.',
  sourceFunction: 'unlockCodeGenerator',
  unlockCode: 'f409d8cb8a7e259a207ca50ee55a99c4',
  signedParams: {
    startDate: '2026-04-15',
    startHour: '09:00:00',
    windMs: '3.2',
    pitchAngle: '0.0'
  }
}
[+30.4s] {
  apikey: '45c66011-814f-47fa-b1a6-cb4b31bc5ada',
  task: 'windpower',
  answer: { action: 'config', configs: { '2026-04-15 09:00:00': [Object] } }
}
[+30.5s] {"code":10,"message":"Config point accepted and stored.","storedPoints":1}
[+30.5s] windpower_config finished
[standard] ← {"code":10,"message":"Config point accepted and stored.","storedPoints":1}
[standard] Tool: windpower_done({})
[+31.1s] {
  apikey: '45c66011-814f-47fa-b1a6-cb4b31bc5ada',
  task: 'windpower',
  answer: { action: 'done' }
}
[+31.2s] {"code":-830,"message":"Unfortunately, the turbine was broken by strong wind gusts before it even started producing electricity."}
[standard] ← {"code":-830,"message":"Unfortunately, the turbine was broken by strong wind gusts before it even started producing electricity."}
[standard] Completed
Agent finished. Result: The windpower configuration task has been processed but faced an issue due to strong wind gusts damaging the turbine before it could operate. Here’s a summary of the actions taken:

1. **Session Started:** Windpower service was initiated.
2. **Reports Requested:** Weather, turbine checks, and power plant checks were retrieved successfully.
3. **Configuration Submitted:** A configuration point was created based on the available weather data with the turbine set to idle mode due to low battery status.
4. **Final Validation:** Attempted to validate the configuration but encountered a failure due to turbine damage caused by high winds.

Given this outcome, further actions are required to address the turbine's condition before proceeding with production configurations. If you'd like to attempt different parameters or address this further, please let me know!
