Starting windpower agent...
[standard] Starting (depth: 0)
[standard] Tool: windpower_start({})
[+1.7s] {
  apikey: '45c66011-814f-47fa-b1a6-cb4b31bc5ada',
  task: 'windpower',
  answer: { action: 'start' }
}
[+2.2s] {"code":60,"message":"Windpower session started.","sessionStart":"2026-04-15 09:46:35","sessionTimeout":40}
[standard] ← {"code":60,"message":"Windpower session started.","sessionStart":"2026-04-15 09:46:35","sessionTimeout":40}
[standard] Tool: windpower_get({"params":["weather","turbinecheck","powerplantcheck"]})
[+3.2s] {
  apikey: '45c66011-814f-47fa-b1a6-cb4b31bc5ada',
  task: 'windpower',
  answer: { action: 'get', param: 'weather' }
}
[+3.2s] {
  apikey: '45c66011-814f-47fa-b1a6-cb4b31bc5ada',
  task: 'windpower',
  answer: { action: 'get', param: 'turbinecheck' }
}
[+3.2s] {
  apikey: '45c66011-814f-47fa-b1a6-cb4b31bc5ada',
  task: 'windpower',
  answer: { action: 'get', param: 'powerplantcheck' }
}
[+3.3s] {"code":21,"message":"Task has been queued. Use getResult to retrieve the response."}
[+3.4s] {"code":41,"message":"Task has been queued. Use getResult to retrieve the response."}
[+3.5s] {"code":31,"message":"Task has been queued. Use getResult to retrieve the response."}
[+13.2s] {
  code: 12,
  message: 'insufficient energy to start management systems',
  sourceFunction: 'powerplantcheck',
  mode: 'StandBy',
  cooling: 'within norm',
  firmware: 'operational',
  powerDeficitKw: '2-3',
  producedPowerKw: 0
}
[+15.1s] {
  code: 12,
  message: 'Low battery level detected in turbine backup power system.',
  sourceFunction: 'turbinecheck',
  status: 'Turbine is operating correctly.',
  bladePitchAngleDeg: 0,
  battery: 'low'
}
[+27.2s] {
  code: 12,
  message: 'Queued response retrieved.',
  sourceFunction: 'weather',
  intervalHours: 2,
  forecastDays: 7,
  unit: { windMs: 'm/s', precipitationMm: 'mm', temperatureC: 'C' },
  forecast: [
    {
      timestamp: '2026-04-15 00:00:00',
      windMs: 3.8,
      precipitationMm: 0,
      temperatureC: 26.4
    },
    {
      timestamp: '2026-04-15 02:00:00',
      windMs: 3.3,
      precipitationMm: 0,
      temperatureC: 27.4
    },
    {
      timestamp: '2026-04-15 04:00:00',
      windMs: 2.5,
      precipitationMm: 0,
      temperatureC: 26.9
    },
    {
      timestamp: '2026-04-15 06:00:00',
      windMs: 2.7,
      precipitationMm: 0,
      temperatureC: 28.3
    },
    {
      timestamp: '2026-04-15 08:00:00',
      windMs: 2.1,
      precipitationMm: 0,
      temperatureC: 28.3
    },
    {
      timestamp: '2026-04-15 10:00:00',
      windMs: 3,
      precipitationMm: 0,
      temperatureC: 29
    },
    {
      timestamp: '2026-04-15 12:00:00',
      windMs: 2.2,
      precipitationMm: 0,
      temperatureC: 29.5
    },
    {
      timestamp: '2026-04-15 14:00:00',
      windMs: 2.6,
      precipitationMm: 0,
      temperatureC: 30.7
    },
    {
      timestamp: '2026-04-15 16:00:00',
      windMs: 2.7,
      precipitationMm: 0,
      temperatureC: 29.9
    },
    {
      timestamp: '2026-04-15 18:00:00',
      windMs: 2.6,
      precipitationMm: 0,
      temperatureC: 30.2
    },
    {
      timestamp: '2026-04-15 20:00:00',
      windMs: 3.1,
      precipitationMm: 0,
      temperatureC: 30.3
    },
    {
      timestamp: '2026-04-15 22:00:00',
      windMs: 3.6,
      precipitationMm: 0,
      temperatureC: 28.1
    },
    {
      timestamp: '2026-04-16 00:00:00',
      windMs: 3.1,
      precipitationMm: 0,
      temperatureC: 28.6
    },
    {
      timestamp: '2026-04-16 02:00:00',
      windMs: 3,
      precipitationMm: 0,
      temperatureC: 29.1
    },
    {
      timestamp: '2026-04-16 04:00:00',
      windMs: 2.5,
      precipitationMm: 0,
      temperatureC: 27.8
    },
    {
      timestamp: '2026-04-16 06:00:00',
      windMs: 3.2,
      precipitationMm: 0,
      temperatureC: 28.8
    },
    {
      timestamp: '2026-04-16 08:00:00',
      windMs: 3.5,
      precipitationMm: 0,
      temperatureC: 28.7
    },
    {
      timestamp: '2026-04-16 10:00:00',
      windMs: 3.8,
      precipitationMm: 0,
      temperatureC: 30
    },
    {
      timestamp: '2026-04-16 12:00:00',
      windMs: 3.2,
      precipitationMm: 0,
      temperatureC: 30.3
    },
    {
      timestamp: '2026-04-16 14:00:00',
      windMs: 3.9,
      precipitationMm: 0,
      temperatureC: 29.5
    },
    {
      timestamp: '2026-04-16 16:00:00',
      windMs: 2.8,
      precipitationMm: 0,
      temperatureC: 30
    },
    {
      timestamp: '2026-04-16 18:00:00',
      windMs: 25,
      precipitationMm: 0,
      temperatureC: 30.1
    },
    {
      timestamp: '2026-04-16 20:00:00',
      windMs: 4.9,
      precipitationMm: 0,
      temperatureC: 29.5
    },
    {
      timestamp: '2026-04-16 22:00:00',
      windMs: 3.4,
      precipitationMm: 0,
      temperatureC: 29
    },
    {
      timestamp: '2026-04-17 00:00:00',
      windMs: 3.8,
      precipitationMm: 0,
      temperatureC: 27.7
    },
    {
      timestamp: '2026-04-17 02:00:00',
      windMs: 3.5,
      precipitationMm: 0,
      temperatureC: 27.8
    },
    {
      timestamp: '2026-04-17 04:00:00',
      windMs: 3.6,
      precipitationMm: 0.2,
      temperatureC: 28.4
    },
    {
      timestamp: '2026-04-17 06:00:00',
      windMs: 3.4,
      precipitationMm: 0.2,
      temperatureC: 28
    },
    {
      timestamp: '2026-04-17 08:00:00',
      windMs: 2.9,
      precipitationMm: 0,
      temperatureC: 28.7
    },
    {
      timestamp: '2026-04-17 10:00:00',
      windMs: 3.3,
      precipitationMm: 0,
      temperatureC: 29
    },
    {
      timestamp: '2026-04-17 12:00:00',
      windMs: 3,
      precipitationMm: 0,
      temperatureC: 30.2
    },
    {
      timestamp: '2026-04-17 14:00:00',
      windMs: 2.4,
      precipitationMm: 0,
      temperatureC: 30.8
    },
    {
      timestamp: '2026-04-17 16:00:00',
      windMs: 2.4,
      precipitationMm: 0,
      temperatureC: 31.2
    },
    {
      timestamp: '2026-04-17 18:00:00',
      windMs: 2.1,
      precipitationMm: 0,
      temperatureC: 31.2
    },
    {
      timestamp: '2026-04-17 20:00:00',
      windMs: 2.2,
      precipitationMm: 0,
      temperatureC: 30.3
    },
    {
      timestamp: '2026-04-17 22:00:00',
      windMs: 2.2,
      precipitationMm: 0,
      temperatureC: 28
    },
    {
      timestamp: '2026-04-18 00:00:00',
      windMs: 2.1,
      precipitationMm: 0,
      temperatureC: 28.6
    },
    {
      timestamp: '2026-04-18 02:00:00',
      windMs: 2.5,
      precipitationMm: 0,
      temperatureC: 27.9
    },
    {
      timestamp: '2026-04-18 04:00:00',
      windMs: 2.5,
      precipitationMm: 0,
      temperatureC: 28.4
    },
    {
      timestamp: '2026-04-18 06:00:00',
      windMs: 2.3,
      precipitationMm: 0,
      temperatureC: 28
    },
    {
      timestamp: '2026-04-18 08:00:00',
      windMs: 2.6,
      precipitationMm: 0,
      temperatureC: 27.2
    },
    {
      timestamp: '2026-04-18 10:00:00',
      windMs: 3.5,
      precipitationMm: 0,
      temperatureC: 27.2
    },
    {
      timestamp: '2026-04-18 12:00:00',
      windMs: 3.1,
      precipitationMm: 0,
      temperatureC: 29.2
    },
    {
      timestamp: '2026-04-18 14:00:00',
      windMs: 2.6,
      precipitationMm: 0,
      temperatureC: 30.6
    },
    {
      timestamp: '2026-04-18 16:00:00',
      windMs: 3.4,
      precipitationMm: 0,
      temperatureC: 30.7
    },
    {
      timestamp: '2026-04-18 18:00:00',
      windMs: 2.8,
      precipitationMm: 0,
      temperatureC: 30.9
    },
    {
      timestamp: '2026-04-18 20:00:00',
      windMs: 4.9,
      precipitationMm: 0,
      temperatureC: 30.7
    },
    {
      timestamp: '2026-04-18 22:00:00',
      windMs: 3.9,
      precipitationMm: 0,
      temperatureC: 28.3
    },
    {
      timestamp: '2026-04-19 00:00:00',
      windMs: 3.2,
      precipitationMm: 0,
      temperatureC: 28.8
    },
    {
      timestamp: '2026-04-19 02:00:00',
      windMs: 2.6,
      precipitationMm: 0,
      temperatureC: 28
    },
    {
      timestamp: '2026-04-19 04:00:00',
      windMs: 2.5,
      precipitationMm: 0,
      temperatureC: 26.8
    },
    {
      timestamp: '2026-04-19 06:00:00',
      windMs: 3.1,
      precipitationMm: 0,
      temperatureC: 27.7
    },
    {
      timestamp: '2026-04-19 08:00:00',
      windMs: 3,
      precipitationMm: 0,
      temperatureC: 27.9
    },
    {
      timestamp: '2026-04-19 10:00:00',
      windMs: 3.4,
      precipitationMm: 0,
      temperatureC: 28.7
    },
    {
      timestamp: '2026-04-19 12:00:00',
      windMs: 3.2,
      precipitationMm: 0,
      temperatureC: 29.3
    },
    {
      timestamp: '2026-04-19 14:00:00',
      windMs: 3.4,
      precipitationMm: 0,
      temperatureC: 28.9
    },
    {
      timestamp: '2026-04-19 16:00:00',
      windMs: 3.5,
      precipitationMm: 0,
      temperatureC: 30.7
    },
    {
      timestamp: '2026-04-19 18:00:00',
      windMs: 22,
      precipitationMm: 0,
      temperatureC: 30.7
    },
    {
      timestamp: '2026-04-19 20:00:00',
      windMs: 3.9,
      precipitationMm: 0,
      temperatureC: 30.4
    },
    {
      timestamp: '2026-04-19 22:00:00',
      windMs: 3.7,
      precipitationMm: 0,
      temperatureC: 29.2
    },
    {
      timestamp: '2026-04-20 00:00:00',
      windMs: 3.1,
      precipitationMm: 0,
      temperatureC: 29.4
    },
    {
      timestamp: '2026-04-20 02:00:00',
      windMs: 3.2,
      precipitationMm: 0,
      temperatureC: 29.2
    },
    {
      timestamp: '2026-04-20 04:00:00',
      windMs: 2.9,
      precipitationMm: 0,
      temperatureC: 28
    },
    {
      timestamp: '2026-04-20 06:00:00',
      windMs: 2.9,
      precipitationMm: 0,
      temperatureC: 28.7
    },
    {
      timestamp: '2026-04-20 08:00:00',
      windMs: 3.1,
      precipitationMm: 0,
      temperatureC: 27.4
    },
    {
      timestamp: '2026-04-20 10:00:00',
      windMs: 3.6,
      precipitationMm: 0,
      temperatureC: 29.1
    },
    {
      timestamp: '2026-04-20 12:00:00',
      windMs: 3.4,
      precipitationMm: 0,
      temperatureC: 29.4
    },
    {
      timestamp: '2026-04-20 14:00:00',
      windMs: 2.8,
      precipitationMm: 0,
      temperatureC: 28.7
    },
    {
      timestamp: '2026-04-20 16:00:00',
      windMs: 2.6,
      precipitationMm: 0,
      temperatureC: 30
    },
    {
      timestamp: '2026-04-20 18:00:00',
      windMs: 28,
      precipitationMm: 0.2,
      temperatureC: 29
    },
    {
      timestamp: '2026-04-20 20:00:00',
      windMs: 3.9,
      precipitationMm: 0,
      temperatureC: 29.9
    },
    {
      timestamp: '2026-04-20 22:00:00',
      windMs: 3.5,
      precipitationMm: 0,
      temperatureC: 28
    },
    {
      timestamp: '2026-04-21 00:00:00',
      windMs: 3.5,
      precipitationMm: 0,
      temperatureC: 27.3
    },
    {
      timestamp: '2026-04-21 02:00:00',
      windMs: 3.2,
      precipitationMm: 0,
      temperatureC: 27.1
    },
    {
      timestamp: '2026-04-21 04:00:00',
      windMs: 3.1,
      precipitationMm: 0,
      temperatureC: 26.8
    },
    {
      timestamp: '2026-04-21 06:00:00',
      windMs: 3.7,
      precipitationMm: 0,
      temperatureC: 26.5
    },
    {
      timestamp: '2026-04-21 08:00:00',
      windMs: 3.8,
      precipitationMm: 0,
      temperatureC: 28
    },
    {
      timestamp: '2026-04-21 10:00:00',
      windMs: 3.3,
      precipitationMm: 0,
      temperatureC: 28.4
    },
    {
      timestamp: '2026-04-21 12:00:00',
      windMs: 2.8,
      precipitationMm: 0,
      temperatureC: 29
    },
    {
      timestamp: '2026-04-21 14:00:00',
      windMs: 2.8,
      precipitationMm: 0,
      temperatureC: 30.5
    },
    {
      timestamp: '2026-04-21 16:00:00',
      windMs: 2.8,
      precipitationMm: 0,
      temperatureC: 30.8
    },
    {
      timestamp: '2026-04-21 18:00:00',
      windMs: 3.3,
      precipitationMm: 0,
      temperatureC: 31.4
    },
    {
      timestamp: '2026-04-21 20:00:00',
      windMs: 3.2,
      precipitationMm: 0,
      temperatureC: 31.5
    },
    {
      timestamp: '2026-04-21 22:00:00',
      windMs: 3.5,
      precipitationMm: 0.4,
      temperatureC: 29.9
    }
  ]
}
[standard] ← {"documentation":null,"results":{"powerplantcheck":{"code":12,"message":"insufficient energy to start management systems","sourceFunction":"powerplantcheck","mode":"StandBy","cooling":"within norm","firmware":"operational","powerDeficitKw":"2-3","producedPowerKw":0},"turbinecheck":{"code":12,"messag…
[standard] Tool: windpower_config({"configs":[{"startDate":"2026-04-15","startHour":"00:00:00","windMs":3.8,"pitchAngle":0,"turbineMod…)
[+36.9s] {
  apikey: '45c66011-814f-47fa-b1a6-cb4b31bc5ada',
  task: 'windpower',
  answer: {
    action: 'unlockCodeGenerator',
    startDate: '2026-04-15',
    startHour: '00:00:00',
    windMs: 3.8,
    pitchAngle: 0
  }
}
[+36.9s] {
  apikey: '45c66011-814f-47fa-b1a6-cb4b31bc5ada',
  task: 'windpower',
  answer: {
    action: 'unlockCodeGenerator',
    startDate: '2026-04-15',
    startHour: '02:00:00',
    windMs: 3.3,
    pitchAngle: 0
  }
}
[+36.9s] {
  apikey: '45c66011-814f-47fa-b1a6-cb4b31bc5ada',
  task: 'windpower',
  answer: {
    action: 'unlockCodeGenerator',
    startDate: '2026-04-15',
    startHour: '04:00:00',
    windMs: 2.5,
    pitchAngle: 0
  }
}
[+36.9s] {
  apikey: '45c66011-814f-47fa-b1a6-cb4b31bc5ada',
  task: 'windpower',
  answer: {
    action: 'unlockCodeGenerator',
    startDate: '2026-04-15',
    startHour: '06:00:00',
    windMs: 2.7,
    pitchAngle: 0
  }
}
[+36.9s] {
  apikey: '45c66011-814f-47fa-b1a6-cb4b31bc5ada',
  task: 'windpower',
  answer: {
    action: 'unlockCodeGenerator',
    startDate: '2026-04-15',
    startHour: '08:00:00',
    windMs: 2.1,
    pitchAngle: 0
  }
}
[+36.9s] {
  apikey: '45c66011-814f-47fa-b1a6-cb4b31bc5ada',
  task: 'windpower',
  answer: {
    action: 'unlockCodeGenerator',
    startDate: '2026-04-15',
    startHour: '10:00:00',
    windMs: 3,
    pitchAngle: 0
  }
}
[+36.9s] {
  apikey: '45c66011-814f-47fa-b1a6-cb4b31bc5ada',
  task: 'windpower',
  answer: {
    action: 'unlockCodeGenerator',
    startDate: '2026-04-15',
    startHour: '12:00:00',
    windMs: 2.2,
    pitchAngle: 0
  }
}
[+36.9s] {
  apikey: '45c66011-814f-47fa-b1a6-cb4b31bc5ada',
  task: 'windpower',
  answer: {
    action: 'unlockCodeGenerator',
    startDate: '2026-04-15',
    startHour: '14:00:00',
    windMs: 2.6,
    pitchAngle: 0
  }
}
[+36.9s] {
  apikey: '45c66011-814f-47fa-b1a6-cb4b31bc5ada',
  task: 'windpower',
  answer: {
    action: 'unlockCodeGenerator',
    startDate: '2026-04-15',
    startHour: '16:00:00',
    windMs: 2.7,
    pitchAngle: 0
  }
}
[+36.9s] {
  apikey: '45c66011-814f-47fa-b1a6-cb4b31bc5ada',
  task: 'windpower',
  answer: {
    action: 'unlockCodeGenerator',
    startDate: '2026-04-15',
    startHour: '18:00:00',
    windMs: 2.6,
    pitchAngle: 0
  }
}
[+36.9s] {
  apikey: '45c66011-814f-47fa-b1a6-cb4b31bc5ada',
  task: 'windpower',
  answer: {
    action: 'unlockCodeGenerator',
    startDate: '2026-04-15',
    startHour: '20:00:00',
    windMs: 3.1,
    pitchAngle: 0
  }
}
[+36.9s] {
  apikey: '45c66011-814f-47fa-b1a6-cb4b31bc5ada',
  task: 'windpower',
  answer: {
    action: 'unlockCodeGenerator',
    startDate: '2026-04-15',
    startHour: '22:00:00',
    windMs: 3.6,
    pitchAngle: 0
  }
}
[+37.1s] {"code":14,"message":"Task has been queued. Use getResult to retrieve the response."}
[+37.1s] {"code":14,"message":"Task has been queued. Use getResult to retrieve the response."}
[+37.1s] {"code":14,"message":"Task has been queued. Use getResult to retrieve the response."}
[+37.2s] {"code":14,"message":"Task has been queued. Use getResult to retrieve the response."}
[+37.2s] {"code":14,"message":"Task has been queued. Use getResult to retrieve the response."}
[+37.2s] {"code":14,"message":"Task has been queued. Use getResult to retrieve the response."}
[+37.2s] {"code":14,"message":"Task has been queued. Use getResult to retrieve the response."}
[+37.2s] {"code":14,"message":"Task has been queued. Use getResult to retrieve the response."}
[+37.2s] {"code":14,"message":"Task has been queued. Use getResult to retrieve the response."}
[+37.2s] {"code":14,"message":"Task has been queued. Use getResult to retrieve the response."}
[+37.3s] {"code":14,"message":"Task has been queued. Use getResult to retrieve the response."}
[+37.4s] {"code":14,"message":"Task has been queued. Use getResult to retrieve the response."}
[+39.1s] {
  code: 12,
  message: 'Queued response retrieved.',
  sourceFunction: 'unlockCodeGenerator',
  unlockCode: '5c43d8826b854d88273dd8b30dd747e8',
  signedParams: {
    startDate: '2026-04-15',
    startHour: '04:00:00',
    windMs: '2.5',
    pitchAngle: '0.0'
  }
}
[+39.2s] {
  code: 12,
  message: 'Queued response retrieved.',
  sourceFunction: 'unlockCodeGenerator',
  unlockCode: '123b5d58f7972ac69f575cf7517fd5da',
  signedParams: {
    startDate: '2026-04-15',
    startHour: '00:00:00',
    windMs: '3.8',
    pitchAngle: '0.0'
  }
}
[+39.3s] {
  code: 12,
  message: 'Queued response retrieved.',
  sourceFunction: 'unlockCodeGenerator',
  unlockCode: '917d2378ff9879292f68c60893b0e729',
  signedParams: {
    startDate: '2026-04-15',
    startHour: '02:00:00',
    windMs: '3.3',
    pitchAngle: '0.0'
  }
}
[+39.4s] {
  code: 12,
  message: 'Queued response retrieved.',
  sourceFunction: 'unlockCodeGenerator',
  unlockCode: '9c2e90f01809238f586070b4ab305f03',
  signedParams: {
    startDate: '2026-04-15',
    startHour: '22:00:00',
    windMs: '3.6',
    pitchAngle: '0.0'
  }
}
[+39.4s] {
  code: 12,
  message: 'Queued response retrieved.',
  sourceFunction: 'unlockCodeGenerator',
  unlockCode: '06ffed015061ada1d38b84bb546b93ad',
  signedParams: {
    startDate: '2026-04-15',
    startHour: '16:00:00',
    windMs: '2.7',
    pitchAngle: '0.0'
  }
}
[+39.5s] {
  code: 12,
  message: 'Queued response retrieved.',
  sourceFunction: 'unlockCodeGenerator',
  unlockCode: '1125a1cb95e8714f5ed4805ee8f670f0',
  signedParams: {
    startDate: '2026-04-15',
    startHour: '18:00:00',
    windMs: '2.6',
    pitchAngle: '0.0'
  }
}
[+39.6s] {
  code: 12,
  message: 'Queued response retrieved.',
  sourceFunction: 'unlockCodeGenerator',
  unlockCode: 'fbe0c2a00da44ebeb692328841cddd0a',
  signedParams: {
    startDate: '2026-04-15',
    startHour: '20:00:00',
    windMs: '3.1',
    pitchAngle: '0.0'
  }
}
[+39.6s] {
  code: 12,
  message: 'Queued response retrieved.',
  sourceFunction: 'unlockCodeGenerator',
  unlockCode: '922bbbce160fbee97c67cfb92b478d45',
  signedParams: {
    startDate: '2026-04-15',
    startHour: '14:00:00',
    windMs: '2.6',
    pitchAngle: '0.0'
  }
}
[+39.7s] {
  code: 12,
  message: 'Queued response retrieved.',
  sourceFunction: 'unlockCodeGenerator',
  unlockCode: '0e4d9ed90980185f03111ab7eec29c70',
  signedParams: {
    startDate: '2026-04-15',
    startHour: '08:00:00',
    windMs: '2.1',
    pitchAngle: '0.0'
  }
}
[+39.8s] {
  code: 12,
  message: 'Queued response retrieved.',
  sourceFunction: 'unlockCodeGenerator',
  unlockCode: '1c22a94d807dccdaa6e26f1dccc11c74',
  signedParams: {
    startDate: '2026-04-15',
    startHour: '06:00:00',
    windMs: '2.7',
    pitchAngle: '0.0'
  }
}
[+42.3s] {
  code: -805,
  message: "Service window timeout exceeded. Run action 'start' and try again."
}
[+42.5s] {
  code: -805,
  message: "Service window timeout exceeded. Run action 'start' and try again."
}
[+42.6s] {
  code: -805,
  message: "Service window timeout exceeded. Run action 'start' and try again."
}
[+42.7s] {
  code: -805,
  message: "Service window timeout exceeded. Run action 'start' and try again."
}
[+42.8s] {
  code: -805,
  message: "Service window timeout exceeded. Run action 'start' and try again."
}
[+43.0s] {
  code: -805,
  message: "Service window timeout exceeded. Run action 'start' and try again."
}
[+43.1s] {
  code: -805,
  message: "Service window timeout exceeded. Run action 'start' and try again."
}
[+43.2s] {
  code: -805,
  message: "Service window timeout exceeded. Run action 'start' and try again."
}
[+43.3s] {
  code: -805,
  message: "Service window timeout exceeded. Run action 'start' and try again."
}
[+43.4s] {
  code: -805,
  message: "Service window timeout exceeded. Run action 'start' and try again."
}
[+43.5s] {
  code: -805,
  message: "Service window timeout exceeded. Run action 'start' and try again."
}
[+43.6s] {
  code: -805,
  message: "Service window timeout exceeded. Run action 'start' and try again."
}
[+43.7s] {
  code: -805,
  message: "Service window timeout exceeded. Run action 'start' and try again."
}
[+43.8s] {
  code: -805,
  message: "Service window timeout exceeded. Run action 'start' and try again."
}
[+43.9s] {
  code: -805,
  message: "Service window timeout exceeded. Run action 'start' and try again."
}
[+44.0s] {
  code: -805,
  message: "Service window timeout exceeded. Run action 'start' and try again."
}
[+44.1s] {
  code: -805,
  message: "Service window timeout exceeded. Run action 'start' and try again."
}
[+44.2s] {
  code: -805,
  message: "Service window timeout exceeded. Run action 'start' and try again."
}
[+44.3s] {
  code: -805,
  message: "Service window timeout exceeded. Run action 'start' and try again."
}
[+44.4s] {
  code: -805,
  message: "Service window timeout exceeded. Run action 'start' and try again."
}
[+44.5s] {
  code: -805,
  message: "Service window timeout exceeded. Run action 'start' and try again."
}
[+44.7s] {
  code: -805,
  message: "Service window timeout exceeded. Run action 'start' and try again."
}
[+44.8s] {
  code: -805,
  message: "Service window timeout exceeded. Run action 'start' and try again."
}
[+44.9s] {
  code: -805,
  message: "Service window timeout exceeded. Run action 'start' and try again."
}
[+45.1s] {
  code: -805,
  message: "Service window timeout exceeded. Run action 'start' and try again."
}
[+45.2s] {
  code: -805,
  message: "Service window timeout exceeded. Run action 'start' and try again."
}
[+45.3s] {
  code: -805,
  message: "Service window timeout exceeded. Run action 'start' and try again."
}
[+45.4s] {
  code: -805,
  message: "Service window timeout exceeded. Run action 'start' and try again."
}
[+45.5s] {
  code: -805,
  message: "Service window timeout exceeded. Run action 'start' and try again."
}
[+45.6s] {
  code: -805,
  message: "Service window timeout exceeded. Run action 'start' and try again."
}
[+45.8s] {
  code: -805,
  message: "Service window timeout exceeded. Run action 'start' and try again."
}
[+45.8s] {
  code: -805,
  message: "Service window timeout exceeded. Run action 'start' and try again."
}
[+45.9s] {
  code: -805,
  message: "Service window timeout exceeded. Run action 'start' and try again."
}
[+46.0s] {
  code: -805,
  message: "Service window timeout exceeded. Run action 'start' and try again."
}
[+46.1s] {
  code: -805,
  message: "Service window timeout exceeded. Run action 'start' and try again."
}
[+46.2s] {
  code: -805,
  message: "Service window timeout exceeded. Run action 'start' and try again."
}
[+46.3s] {
  code: -805,
  message: "Service window timeout exceeded. Run action 'start' and try again."
}
[+46.4s] {
  code: -805,
  message: "Service window timeout exceeded. Run action 'start' and try again."
}
[+46.6s] {
  code: -805,
  message: "Service window timeout exceeded. Run action 'start' and try again."
}
[+46.6s] {
  code: -805,
  message: "Service window timeout exceeded. Run action 'start' and try again."
}
[+46.7s] {
  code: -805,
  message: "Service window timeout exceeded. Run action 'start' and try again."
}
[+46.8s] {
  code: -805,
  message: "Service window timeout exceeded. Run action 'start' and try again."
}
[+46.9s] {
  code: -805,
  message: "Service window timeout exceeded. Run action 'start' and try again."
}
[+47.0s] {
  code: -805,
  message: "Service window timeout exceeded. Run action 'start' and try again."
}
[+47.1s] {
  code: -805,
  message: "Service window timeout exceeded. Run action 'start' and try again."
}
[+47.2s] {
  code: -805,
  message: "Service window timeout exceeded. Run action 'start' and try again."
}
[+47.3s] {
  code: -805,
  message: "Service window timeout exceeded. Run action 'start' and try again."
}
[+47.4s] {
  code: -805,
  message: "Service window timeout exceeded. Run action 'start' and try again."
}
[+47.6s] {
  code: -805,
  message: "Service window timeout exceeded. Run action 'start' and try again."
}
[+47.7s] {
  code: -805,
  message: "Service window timeout exceeded. Run action 'start' and try again."
}
[+47.8s] {
  code: -805,
  message: "Service window timeout exceeded. Run action 'start' and try again."
}
[+47.8s] {
  code: -805,
  message: "Service window timeout exceeded. Run action 'start' and try again."
}
[+47.9s] {
  code: -805,
  message: "Service window timeout exceeded. Run action 'start' and try again."
}
[+48.0s] {
  code: -805,
  message: "Service window timeout exceeded. Run action 'start' and try again."
}
[+48.2s] {
  code: -805,
  message: "Service window timeout exceeded. Run action 'start' and try again."
}
