Starting windpower agent...
[standard] Starting (depth: 0)
[standard] Tool: windpower_start({})
[+1.6s] {"apikey":"45c66011-814f-47fa-b1a6-cb4b31bc5ada","task":"windpower","answer":{"action":"start"}}
[+1.9s] {"code":60,"message":"Windpower session started.","sessionStart":"2026-04-15 11:32:40","sessionTimeout":40}
[standard] ← {"code":60,"message":"Windpower session started.","sessionStart":"2026-04-15 11:32:40","sessionTimeout":40}
[standard] Tool: windpower_get({"params":["documentation","weather","turbinecheck","powerplantcheck"]})
[+3.1s] {"apikey":"45c66011-814f-47fa-b1a6-cb4b31bc5ada","task":"windpower","answer":{"action":"get","param":"documentation"}}
[+3.2s] {"code":50,"message":"Wind turbine documentation returned.","language":"en","ratedPowerKw":14,"windPowerYieldPercent":[{"windMs":4,"yieldPercent":"10-15"},{"windMs":6,"yieldPercent":"30-40"},{"windMs":8,"yieldPercent":"60-70"},{"windMs":10,"yieldPercent":"90-100"},{"windMsRange":"12-14","yieldPercent":"100"},{"windMsRange":"14+","yieldPercent":"damage"}],"pitchAngleYieldPercent":[{"pitchAngleDeg":0,"yieldPercent":"100"},{"pitchAngleDeg":45,"yieldPercent":"65"},{"pitchAngleDeg":90,"yieldPercent":"0"}],"operationalNote":"Generated power in this model depends on wind speed (m/s) and blade pitch angle. Allowed pitch settings are 0, 45, and 90 degrees. At 90 degrees, electricity generation is disabled and this mode should be used during severe storms. At low wind speeds, set pitch to 0 degrees to maximize energy capture.","safety":{"cutoffWindMs":14,"shutdownRule":"Shut down the turbine above 14 m/s to prevent blade damage or blade breakage.","minOperationalWindMs":4,"lowWindRule":"Below 4 m/s the turbine cannot generate electricity."}}
[+3.2s] {"apikey":"45c66011-814f-47fa-b1a6-cb4b31bc5ada","task":"windpower","answer":{"action":"get","param":"weather"}}
[+3.2s] {"apikey":"45c66011-814f-47fa-b1a6-cb4b31bc5ada","task":"windpower","answer":{"action":"get","param":"turbinecheck"}}
[+3.2s] {"apikey":"45c66011-814f-47fa-b1a6-cb4b31bc5ada","task":"windpower","answer":{"action":"get","param":"powerplantcheck"}}
[+3.3s] {"code":21,"message":"Task has been queued. Use getResult to retrieve the response."}
[+3.5s] {"code":31,"message":"Task has been queued. Use getResult to retrieve the response."}
[+3.5s] {"code":41,"message":"Task has been queued. Use getResult to retrieve the response."}
[+13.6s] {
  code: 12,
  message: 'insufficient energy to start management systems',
  sourceFunction: 'powerplantcheck',
  mode: 'StandBy',
  cooling: 'within norm',
  firmware: 'operational',
  powerDeficitKw: '3-4',
  producedPowerKw: 0
}
[+15.6s] {
  code: 12,
  message: 'Low battery level detected in turbine backup power system.',
  sourceFunction: 'turbinecheck',
  status: 'Turbine is operating correctly.',
  bladePitchAngleDeg: 0,
  battery: 'low'
}
[+26.6s] {
  code: 12,
  message: 'Queued response retrieved.',
  sourceFunction: 'weather',
  intervalHours: 2,
  forecastDays: 7,
  unit: { windMs: 'm/s', precipitationMm: 'mm', temperatureC: 'C' },
  forecast: [
    {
      timestamp: '2026-04-15 00:00:00',
      windMs: 2.4,
      precipitationMm: 0,
      temperatureC: 27.8
    },
    {
      timestamp: '2026-04-15 02:00:00',
      windMs: 2,
      precipitationMm: 0,
      temperatureC: 28.1
    },
    {
      timestamp: '2026-04-15 04:00:00',
      windMs: 2,
      precipitationMm: 0,
      temperatureC: 27.1
    },
    {
      timestamp: '2026-04-15 06:00:00',
      windMs: 2.2,
      precipitationMm: 0,
      temperatureC: 27.8
    },
    {
      timestamp: '2026-04-15 08:00:00',
      windMs: 3.2,
      precipitationMm: 0,
      temperatureC: 28.2
    },
    {
      timestamp: '2026-04-15 10:00:00',
      windMs: 2.7,
      precipitationMm: 0,
      temperatureC: 29.4
    },
    {
      timestamp: '2026-04-15 12:00:00',
      windMs: 2.3,
      precipitationMm: 0,
      temperatureC: 30.9
    },
    {
      timestamp: '2026-04-15 14:00:00',
      windMs: 2.6,
      precipitationMm: 0,
      temperatureC: 30.9
    },
    {
      timestamp: '2026-04-15 16:00:00',
      windMs: 2,
      precipitationMm: 0,
      temperatureC: 30.1
    },
    {
      timestamp: '2026-04-15 18:00:00',
      windMs: 2.5,
      precipitationMm: 0,
      temperatureC: 31
    },
    {
      timestamp: '2026-04-15 20:00:00',
      windMs: 3,
      precipitationMm: 0,
      temperatureC: 30.2
    },
    {
      timestamp: '2026-04-15 22:00:00',
      windMs: 3.2,
      precipitationMm: 0,
      temperatureC: 28.5
    },
    {
      timestamp: '2026-04-16 00:00:00',
      windMs: 2.5,
      precipitationMm: 0,
      temperatureC: 27.4
    },
    {
      timestamp: '2026-04-16 02:00:00',
      windMs: 2,
      precipitationMm: 0,
      temperatureC: 26.3
    },
    {
      timestamp: '2026-04-16 04:00:00',
      windMs: 2.5,
      precipitationMm: 0,
      temperatureC: 26.1
    },
    {
      timestamp: '2026-04-16 06:00:00',
      windMs: 2.3,
      precipitationMm: 0,
      temperatureC: 26.2
    },
    {
      timestamp: '2026-04-16 08:00:00',
      windMs: 3.2,
      precipitationMm: 0,
      temperatureC: 27.6
    },
    {
      timestamp: '2026-04-16 10:00:00',
      windMs: 2.5,
      precipitationMm: 0,
      temperatureC: 29.6
    },
    {
      timestamp: '2026-04-16 12:00:00',
      windMs: 2.3,
      precipitationMm: 0,
      temperatureC: 30.6
    },
    {
      timestamp: '2026-04-16 14:00:00',
      windMs: 3.1,
      precipitationMm: 0,
      temperatureC: 29.8
    },
    {
      timestamp: '2026-04-16 16:00:00',
      windMs: 3.2,
      precipitationMm: 0,
      temperatureC: 30.1
    },
    {
      timestamp: '2026-04-16 18:00:00',
      windMs: 25,
      precipitationMm: 0,
      temperatureC: 29.9
    },
    {
      timestamp: '2026-04-16 20:00:00',
      windMs: 5.9,
      precipitationMm: 0,
      temperatureC: 30.4
    },
    {
      timestamp: '2026-04-16 22:00:00',
      windMs: 3.9,
      precipitationMm: 0,
      temperatureC: 28.6
    },
    {
      timestamp: '2026-04-17 00:00:00',
      windMs: 3.2,
      precipitationMm: 0,
      temperatureC: 27.5
    },
    {
      timestamp: '2026-04-17 02:00:00',
      windMs: 2.1,
      precipitationMm: 0,
      temperatureC: 26.2
    },
    {
      timestamp: '2026-04-17 04:00:00',
      windMs: 2,
      precipitationMm: 0.2,
      temperatureC: 26.9
    },
    {
      timestamp: '2026-04-17 06:00:00',
      windMs: 2,
      precipitationMm: 0.2,
      temperatureC: 27.1
    },
    {
      timestamp: '2026-04-17 08:00:00',
      windMs: 2.4,
      precipitationMm: 0,
      temperatureC: 27
    },
    {
      timestamp: '2026-04-17 10:00:00',
      windMs: 2.5,
      precipitationMm: 0,
      temperatureC: 27.4
    },
    {
      timestamp: '2026-04-17 12:00:00',
      windMs: 3,
      precipitationMm: 0,
      temperatureC: 29
    },
    {
      timestamp: '2026-04-17 14:00:00',
      windMs: 3.3,
      precipitationMm: 0,
      temperatureC: 29.9
    },
    {
      timestamp: '2026-04-17 16:00:00',
      windMs: 2.6,
      precipitationMm: 0,
      temperatureC: 29.9
    },
    {
      timestamp: '2026-04-17 18:00:00',
      windMs: 3.3,
      precipitationMm: 0,
      temperatureC: 29.5
    },
    {
      timestamp: '2026-04-17 20:00:00',
      windMs: 3.9,
      precipitationMm: 0,
      temperatureC: 30
    },
    {
      timestamp: '2026-04-17 22:00:00',
      windMs: 3.7,
      precipitationMm: 0,
      temperatureC: 28.1
    },
    {
      timestamp: '2026-04-18 00:00:00',
      windMs: 3,
      precipitationMm: 0,
      temperatureC: 28.3
    },
    {
      timestamp: '2026-04-18 02:00:00',
      windMs: 2.6,
      precipitationMm: 0,
      temperatureC: 26.6
    },
    {
      timestamp: '2026-04-18 04:00:00',
      windMs: 2.3,
      precipitationMm: 0,
      temperatureC: 26.3
    },
    {
      timestamp: '2026-04-18 06:00:00',
      windMs: 2.8,
      precipitationMm: 0,
      temperatureC: 26.1
    },
    {
      timestamp: '2026-04-18 08:00:00',
      windMs: 2.5,
      precipitationMm: 0,
      temperatureC: 26.1
    },
    {
      timestamp: '2026-04-18 10:00:00',
      windMs: 3.3,
      precipitationMm: 0,
      temperatureC: 28.7
    },
    {
      timestamp: '2026-04-18 12:00:00',
      windMs: 3.2,
      precipitationMm: 0,
      temperatureC: 29.6
    },
    {
      timestamp: '2026-04-18 14:00:00',
      windMs: 3.4,
      precipitationMm: 0,
      temperatureC: 30.4
    },
    {
      timestamp: '2026-04-18 16:00:00',
      windMs: 3,
      precipitationMm: 0,
      temperatureC: 30.4
    },
    {
      timestamp: '2026-04-18 18:00:00',
      windMs: 3.5,
      precipitationMm: 0,
      temperatureC: 31.2
    },
    {
      timestamp: '2026-04-18 20:00:00',
      windMs: 5.9,
      precipitationMm: 0,
      temperatureC: 31.4
    },
    {
      timestamp: '2026-04-18 22:00:00',
      windMs: 3.9,
      precipitationMm: 0,
      temperatureC: 29.2
    },
    {
      timestamp: '2026-04-19 00:00:00',
      windMs: 3.8,
      precipitationMm: 0,
      temperatureC: 28.6
    },
    {
      timestamp: '2026-04-19 02:00:00',
      windMs: 3.1,
      precipitationMm: 0,
      temperatureC: 27
    },
    {
      timestamp: '2026-04-19 04:00:00',
      windMs: 3.1,
      precipitationMm: 0,
      temperatureC: 25.7
    },
    {
      timestamp: '2026-04-19 06:00:00',
      windMs: 2.5,
      precipitationMm: 0,
      temperatureC: 25.9
    },
    {
      timestamp: '2026-04-19 08:00:00',
      windMs: 2,
      precipitationMm: 0,
      temperatureC: 27.2
    },
    {
      timestamp: '2026-04-19 10:00:00',
      windMs: 2.8,
      precipitationMm: 0,
      temperatureC: 29.2
    },
    {
      timestamp: '2026-04-19 12:00:00',
      windMs: 3,
      precipitationMm: 0,
      temperatureC: 28.9
    },
    {
      timestamp: '2026-04-19 14:00:00',
      windMs: 3.1,
      precipitationMm: 0,
      temperatureC: 28.6
    },
    {
      timestamp: '2026-04-19 16:00:00',
      windMs: 3,
      precipitationMm: 0,
      temperatureC: 28.7
    },
    {
      timestamp: '2026-04-19 18:00:00',
      windMs: 22,
      precipitationMm: 0,
      temperatureC: 28
    },
    {
      timestamp: '2026-04-19 20:00:00',
      windMs: 3.9,
      precipitationMm: 0,
      temperatureC: 29.2
    },
    {
      timestamp: '2026-04-19 22:00:00',
      windMs: 3,
      precipitationMm: 0,
      temperatureC: 28.6
    },
    {
      timestamp: '2026-04-20 00:00:00',
      windMs: 3,
      precipitationMm: 0,
      temperatureC: 27.7
    },
    {
      timestamp: '2026-04-20 02:00:00',
      windMs: 3.2,
      precipitationMm: 0,
      temperatureC: 27
    },
    {
      timestamp: '2026-04-20 04:00:00',
      windMs: 2.1,
      precipitationMm: 0,
      temperatureC: 26.5
    },
    {
      timestamp: '2026-04-20 06:00:00',
      windMs: 2.6,
      precipitationMm: 0,
      temperatureC: 27.1
    },
    {
      timestamp: '2026-04-20 08:00:00',
      windMs: 2.2,
      precipitationMm: 0,
      temperatureC: 28.4
    },
    {
      timestamp: '2026-04-20 10:00:00',
      windMs: 2.6,
      precipitationMm: 0,
      temperatureC: 28.9
    },
    {
      timestamp: '2026-04-20 12:00:00',
      windMs: 2.8,
      precipitationMm: 0,
      temperatureC: 30
    },
    {
      timestamp: '2026-04-20 14:00:00',
      windMs: 3.4,
      precipitationMm: 0,
      temperatureC: 30.5
    },
    {
      timestamp: '2026-04-20 16:00:00',
      windMs: 3.1,
      precipitationMm: 0,
      temperatureC: 30.6
    },
    {
      timestamp: '2026-04-20 18:00:00',
      windMs: 28,
      precipitationMm: 0.2,
      temperatureC: 30.4
    },
    {
      timestamp: '2026-04-20 20:00:00',
      windMs: 3.9,
      precipitationMm: 0,
      temperatureC: 30.4
    },
    {
      timestamp: '2026-04-20 22:00:00',
      windMs: 3.4,
      precipitationMm: 0,
      temperatureC: 29.6
    },
    {
      timestamp: '2026-04-21 00:00:00',
      windMs: 2.1,
      precipitationMm: 0,
      temperatureC: 28
    },
    {
      timestamp: '2026-04-21 02:00:00',
      windMs: 2,
      precipitationMm: 0,
      temperatureC: 26.9
    },
    {
      timestamp: '2026-04-21 04:00:00',
      windMs: 2.4,
      precipitationMm: 0,
      temperatureC: 26.1
    },
    {
      timestamp: '2026-04-21 06:00:00',
      windMs: 3.5,
      precipitationMm: 0,
      temperatureC: 27.8
    },
    {
      timestamp: '2026-04-21 08:00:00',
      windMs: 3.8,
      precipitationMm: 0,
      temperatureC: 28.9
    },
    {
      timestamp: '2026-04-21 10:00:00',
      windMs: 3.9,
      precipitationMm: 0,
      temperatureC: 29.2
    },
    {
      timestamp: '2026-04-21 12:00:00',
      windMs: 3.3,
      precipitationMm: 0,
      temperatureC: 29.3
    },
    {
      timestamp: '2026-04-21 14:00:00',
      windMs: 3.6,
      precipitationMm: 0,
      temperatureC: 30.8
    },
    {
      timestamp: '2026-04-21 16:00:00',
      windMs: 3.5,
      precipitationMm: 0,
      temperatureC: 30.1
    },
    {
      timestamp: '2026-04-21 18:00:00',
      windMs: 3.6,
      precipitationMm: 0,
      temperatureC: 29.6
    },
    {
      timestamp: '2026-04-21 20:00:00',
      windMs: 3.1,
      precipitationMm: 0,
      temperatureC: 28.8
    },
    {
      timestamp: '2026-04-21 22:00:00',
      windMs: 2.7,
      precipitationMm: 0.4,
      temperatureC: 27.9
    }
  ]
}
[standard] ← {"documentation":"{\"code\":50,\"message\":\"Wind turbine documentation returned.\",\"language\":\"en\",\"ratedPowerKw\":14,\"windPowerYieldPercent\":[{\"windMs\":4,\"yieldPercent\":\"10-15\"},{\"windMs\":6,\"yieldPercent\":\"30-40\"},{\"windMs\":8,\"yieldPercent\":\"60-70\"},{\"windMs\":10,\"yieldP…
[standard] Tool: windpower_config({"configs":[{"startDate":"2026-04-15","startHour":"18:00:00","windMs":2.5,"pitchAngle":0,"turbineMod…)
[+32.3s] {"apikey":"45c66011-814f-47fa-b1a6-cb4b31bc5ada","task":"windpower","answer":{"action":"unlockCodeGenerator","startDate":"2026-04-15","startHour":"18:00:00","windMs":2.5,"pitchAngle":0}}
[+32.3s] {"apikey":"45c66011-814f-47fa-b1a6-cb4b31bc5ada","task":"windpower","answer":{"action":"unlockCodeGenerator","startDate":"2026-04-16","startHour":"20:00:00","windMs":5.9,"pitchAngle":0}}
[+32.3s] {"apikey":"45c66011-814f-47fa-b1a6-cb4b31bc5ada","task":"windpower","answer":{"action":"unlockCodeGenerator","startDate":"2026-04-16","startHour":"18:00:00","windMs":25,"pitchAngle":0}}
[+32.3s] {"apikey":"45c66011-814f-47fa-b1a6-cb4b31bc5ada","task":"windpower","answer":{"action":"unlockCodeGenerator","startDate":"2026-04-17","startHour":"18:00:00","windMs":3.3,"pitchAngle":0}}
[+32.3s] {"apikey":"45c66011-814f-47fa-b1a6-cb4b31bc5ada","task":"windpower","answer":{"action":"unlockCodeGenerator","startDate":"2026-04-18","startHour":"06:00:00","windMs":2.8,"pitchAngle":0}}
[+32.3s] {"apikey":"45c66011-814f-47fa-b1a6-cb4b31bc5ada","task":"windpower","answer":{"action":"unlockCodeGenerator","startDate":"2026-04-19","startHour":"18:00:00","windMs":22,"pitchAngle":0}}
[+32.3s] {"apikey":"45c66011-814f-47fa-b1a6-cb4b31bc5ada","task":"windpower","answer":{"action":"unlockCodeGenerator","startDate":"2026-04-20","startHour":"18:00:00","windMs":28,"pitchAngle":90}}
[+32.3s] {"apikey":"45c66011-814f-47fa-b1a6-cb4b31bc5ada","task":"windpower","answer":{"action":"unlockCodeGenerator","startDate":"2026-04-21","startHour":"22:00:00","windMs":2.7,"pitchAngle":0}}
[+32.6s] {"code":14,"message":"Task has been queued. Use getResult to retrieve the response."}
[+32.6s] {"code":14,"message":"Task has been queued. Use getResult to retrieve the response."}
[+32.6s] {"code":14,"message":"Task has been queued. Use getResult to retrieve the response."}
[+32.6s] {"code":14,"message":"Task has been queued. Use getResult to retrieve the response."}
[+32.6s] {"code":14,"message":"Task has been queued. Use getResult to retrieve the response."}
[+32.6s] {"code":14,"message":"Task has been queued. Use getResult to retrieve the response."}
[+32.6s] {"code":14,"message":"Task has been queued. Use getResult to retrieve the response."}
[+32.7s] {"code":14,"message":"Task has been queued. Use getResult to retrieve the response."}
[+34.5s] {
  code: 12,
  message: 'Queued response retrieved.',
  sourceFunction: 'unlockCodeGenerator',
  unlockCode: 'c941dd30d4418f86161314cb9c17e8dc',
  signedParams: {
    startDate: '2026-04-15',
    startHour: '18:00:00',
    windMs: '2.5',
    pitchAngle: '0.0'
  }
}
[+34.6s] {
  code: 12,
  message: 'Queued response retrieved.',
  sourceFunction: 'unlockCodeGenerator',
  unlockCode: 'eee8a4084d783f885784af4b43a0eddf',
  signedParams: {
    startDate: '2026-04-17',
    startHour: '18:00:00',
    windMs: '3.3',
    pitchAngle: '0.0'
  }
}
[+34.7s] {
  code: 12,
  message: 'Queued response retrieved.',
  sourceFunction: 'unlockCodeGenerator',
  unlockCode: '517e47ac994e5a74db200a758e9fc37d',
  signedParams: {
    startDate: '2026-04-16',
    startHour: '18:00:00',
    windMs: '25.0',
    pitchAngle: '0.0'
  }
}
[+34.7s] {
  code: 12,
  message: 'Queued response retrieved.',
  sourceFunction: 'unlockCodeGenerator',
  unlockCode: '93dc23d24a42ae422da2e1075d2c57ac',
  signedParams: {
    startDate: '2026-04-18',
    startHour: '06:00:00',
    windMs: '2.8',
    pitchAngle: '0.0'
  }
}
[+34.8s] {
  code: 12,
  message: 'Queued response retrieved.',
  sourceFunction: 'unlockCodeGenerator',
  unlockCode: '4e3418dc6cd94006b80f2a75bf69799f',
  signedParams: {
    startDate: '2026-04-21',
    startHour: '22:00:00',
    windMs: '2.7',
    pitchAngle: '0.0'
  }
}
[+34.9s] {
  code: 12,
  message: 'Queued response retrieved.',
  sourceFunction: 'unlockCodeGenerator',
  unlockCode: '85e9d889713a8ae8450748a67c8fe82f',
  signedParams: {
    startDate: '2026-04-16',
    startHour: '20:00:00',
    windMs: '5.9',
    pitchAngle: '0.0'
  }
}
[+34.9s] {
  code: 12,
  message: 'Queued response retrieved.',
  sourceFunction: 'unlockCodeGenerator',
  unlockCode: '5e72b197d53c4d2a43350868b738d7ce',
  signedParams: {
    startDate: '2026-04-19',
    startHour: '18:00:00',
    windMs: '22.0',
    pitchAngle: '0.0'
  }
}
[+41.9s] {
  code: -805,
  message: "Service window timeout exceeded. Run action 'start' and try again."
}
[+42.1s] {
  code: -805,
  message: "Service window timeout exceeded. Run action 'start' and try again."
}
[+42.2s] {
  code: -805,
  message: "Service window timeout exceeded. Run action 'start' and try again."
}
[+42.3s] {
  code: -805,
  message: "Service window timeout exceeded. Run action 'start' and try again."
}
[+42.4s] {
  code: -805,
  message: "Service window timeout exceeded. Run action 'start' and try again."
}
[+42.5s] {
  code: -805,
  message: "Service window timeout exceeded. Run action 'start' and try again."
}
[+42.6s] {
  code: -805,
  message: "Service window timeout exceeded. Run action 'start' and try again."
}
[+42.8s] {
  code: -805,
  message: "Service window timeout exceeded. Run action 'start' and try again."
}
[+42.9s] {
  code: -805,
  message: "Service window timeout exceeded. Run action 'start' and try again."
}
[+43.0s] {
  code: -805,
  message: "Service window timeout exceeded. Run action 'start' and try again."
}
[+43.1s] {
  code: -805,
  message: "Service window timeout exceeded. Run action 'start' and try again."
}
[+43.2s] {
  code: -805,
  message: "Service window timeout exceeded. Run action 'start' and try again."
}
[+43.3s] {
  code: -805,
  message: "Service window timeout exceeded. Run action 'start' and try again."
}
[+43.4s] {
  code: -805,
  message: "Service window timeout exceeded. Run action 'start' and try again."
}
[+43.4s] {
  code: -805,
  message: "Service window timeout exceeded. Run action 'start' and try again."
}
[+43.5s] {
  code: -805,
  message: "Service window timeout exceeded. Run action 'start' and try again."
}
[+43.7s] {
  code: -805,
  message: "Service window timeout exceeded. Run action 'start' and try again."
}
[+43.8s] {
  code: -805,
  message: "Service window timeout exceeded. Run action 'start' and try again."
}
[+43.9s] {
  code: -805,
  message: "Service window timeout exceeded. Run action 'start' and try again."
}
[+44.0s] {
  code: -805,
  message: "Service window timeout exceeded. Run action 'start' and try again."
}
[+44.1s] {
  code: -805,
  message: "Service window timeout exceeded. Run action 'start' and try again."
}
[+44.2s] {
  code: -805,
  message: "Service window timeout exceeded. Run action 'start' and try again."
}
[+44.2s] {
  code: -805,
  message: "Service window timeout exceeded. Run action 'start' and try again."
}
[+44.3s] {
  code: -805,
  message: "Service window timeout exceeded. Run action 'start' and try again."
}
[+44.5s] {
  code: -805,
  message: "Service window timeout exceeded. Run action 'start' and try again."
}
[+44.6s] {
  code: -805,
  message: "Service window timeout exceeded. Run action 'start' and try again."
}
[+44.7s] {
  code: -805,
  message: "Service window timeout exceeded. Run action 'start' and try again."
}
[+44.8s] {
  code: -805,
  message: "Service window timeout exceeded. Run action 'start' and try again."
}
[+44.9s] {
  code: -805,
  message: "Service window timeout exceeded. Run action 'start' and try again."
}
[+44.9s] {
  code: -805,
  message: "Service window timeout exceeded. Run action 'start' and try again."
}
[+45.0s] {
  code: -805,
  message: "Service window timeout exceeded. Run action 'start' and try again."
}
[+45.1s] {
  code: -805,
  message: "Service window timeout exceeded. Run action 'start' and try again."
}
[+45.2s] {
  code: -805,
  message: "Service window timeout exceeded. Run action 'start' and try again."
}
[+45.4s] {
  code: -805,
  message: "Service window timeout exceeded. Run action 'start' and try again."
}
[+45.5s] {
  code: -805,
  message: "Service window timeout exceeded. Run action 'start' and try again."
}
[+45.6s] {
  code: -805,
  message: "Service window timeout exceeded. Run action 'start' and try again."
}
[+45.7s] {
  code: -805,
  message: "Service window timeout exceeded. Run action 'start' and try again."
}
[+45.7s] {
  code: -805,
  message: "Service window timeout exceeded. Run action 'start' and try again."
}
[+45.8s] {
  code: -805,
  message: "Service window timeout exceeded. Run action 'start' and try again."
}
[+45.9s] {
  code: -805,
  message: "Service window timeout exceeded. Run action 'start' and try again."
}
[+46.0s] {
  code: -805,
  message: "Service window timeout exceeded. Run action 'start' and try again."
}
[+46.2s] {
  code: -805,
  message: "Service window timeout exceeded. Run action 'start' and try again."
}
[+46.2s] {
  code: -805,
  message: "Service window timeout exceeded. Run action 'start' and try again."
}
[+46.3s] {
  code: -805,
  message: "Service window timeout exceeded. Run action 'start' and try again."
}
[+46.4s] {
  code: -805,
  message: "Service window timeout exceeded. Run action 'start' and try again."
}
[+46.5s] {
  code: -805,
  message: "Service window timeout exceeded. Run action 'start' and try again."
}
[+46.6s] {
  code: -805,
  message: "Service window timeout exceeded. Run action 'start' and try again."
}
[+46.7s] {
  code: -805,
  message: "Service window timeout exceeded. Run action 'start' and try again."
}
[+46.8s] {
  code: -805,
  message: "Service window timeout exceeded. Run action 'start' and try again."
}
[+46.9s] {
  code: -805,
  message: "Service window timeout exceeded. Run action 'start' and try again."
}
[+47.0s] {
  code: -805,
  message: "Service window timeout exceeded. Run action 'start' and try again."
}
[+47.1s] {
  code: -805,
  message: "Service window timeout exceeded. Run action 'start' and try again."
}
[+47.2s] {
  code: -805,
  message: "Service window timeout exceeded. Run action 'start' and try again."
}
[+47.3s] {
  code: -805,
  message: "Service window timeout exceeded. Run action 'start' and try again."
}
[+47.3s] {
  code: -805,
  message: "Service window timeout exceeded. Run action 'start' and try again."
}
[+47.4s] {
  code: -805,
  message: "Service window timeout exceeded. Run action 'start' and try again."
}
[+47.5s] {
  code: -805,
  message: "Service window timeout exceeded. Run action 'start' and try again."
}
[+47.6s] {
  code: -805,
  message: "Service window timeout exceeded. Run action 'start' and try again."
}
[+47.7s] {
  code: -805,
  message: "Service window timeout exceeded. Run action 'start' and try again."
}
[+47.8s] {
  code: -805,
  message: "Service window timeout exceeded. Run action 'start' and try again."
}
[+48.0s] {
  code: -805,
  message: "Service window timeout exceeded. Run action 'start' and try again."
}
[+48.1s] {
  code: -805,
  message: "Service window timeout exceeded. Run action 'start' and try again."
}
[+48.2s] {
  code: -805,
  message: "Service window timeout exceeded. Run action 'start' and try again."
}
[+48.3s] {
  code: -805,
  message: "Service window timeout exceeded. Run action 'start' and try again."
}
[+48.3s] {
  code: -805,
  message: "Service window timeout exceeded. Run action 'start' and try again."
}
[+48.5s] {
  code: -805,
  message: "Service window timeout exceeded. Run action 'start' and try again."
}
[+48.6s] {
  code: -805,
  message: "Service window timeout exceeded. Run action 'start' and try again."
}
[+48.7s] {
  code: -805,
  message: "Service window timeout exceeded. Run action 'start' and try again."
}
[+48.8s] {
  code: -805,
  message: "Service window timeout exceeded. Run action 'start' and try again."
}
[+48.9s] {
  code: -805,
  message: "Service window timeout exceeded. Run action 'start' and try again."
}
[+48.9s] {
  code: -805,
  message: "Service window timeout exceeded. Run action 'start' and try again."
}
[+49.0s] {
  code: -805,
  message: "Service window timeout exceeded. Run action 'start' and try again."
}
[+49.1s] {
  code: -805,
  message: "Service window timeout exceeded. Run action 'start' and try again."
}
[+49.2s] {
  code: -805,
  message: "Service window timeout exceeded. Run action 'start' and try again."
}
[+49.3s] {
  code: -805,
  message: "Service window timeout exceeded. Run action 'start' and try again."
}
[+49.4s] {
  code: -805,
  message: "Service window timeout exceeded. Run action 'start' and try again."
}
[+49.4s] {
  code: -805,
  message: "Service window timeout exceeded. Run action 'start' and try again."
}
[+49.6s] {
  code: -805,
  message: "Service window timeout exceeded. Run action 'start' and try again."
}
[+49.7s] {
  code: -805,
  message: "Service window timeout exceeded. Run action 'start' and try again."
}
[+49.8s] {
  code: -805,
  message: "Service window timeout exceeded. Run action 'start' and try again."
}
[+49.9s] {
  code: -805,
  message: "Service window timeout exceeded. Run action 'start' and try again."
}
[+49.9s] {
  code: -805,
  message: "Service window timeout exceeded. Run action 'start' and try again."
}
[+50.1s] {
  code: -805,
  message: "Service window timeout exceeded. Run action 'start' and try again."
}
[+50.2s] {
  code: -805,
  message: "Service window timeout exceeded. Run action 'start' and try again."
}
[+50.4s] {
  code: -805,
  message: "Service window timeout exceeded. Run action 'start' and try again."
}
[+50.5s] {
  code: -805,
  message: "Service window timeout exceeded. Run action 'start' and try again."
}
[+50.6s] {
  code: -805,
  message: "Service window timeout exceeded. Run action 'start' and try again."
}
[+50.6s] {
  code: -805,
  message: "Service window timeout exceeded. Run action 'start' and try again."
}
[+50.7s] {
  code: -805,
  message: "Service window timeout exceeded. Run action 'start' and try again."
}
[+50.8s] {
  code: -805,
  message: "Service window timeout exceeded. Run action 'start' and try again."
}
[+51.0s] {
  code: -805,
  message: "Service window timeout exceeded. Run action 'start' and try again."
}
[+51.1s] {
  code: -805,
  message: "Service window timeout exceeded. Run action 'start' and try again."
}
[+51.2s] {
  code: -805,
  message: "Service window timeout exceeded. Run action 'start' and try again."
}
[+51.3s] {
  code: -805,
  message: "Service window timeout exceeded. Run action 'start' and try again."
}
[+51.4s] {
  code: -805,
  message: "Service window timeout exceeded. Run action 'start' and try again."
}
[+51.6s] {
  code: -805,
  message: "Service window timeout exceeded. Run action 'start' and try again."
}
[+51.6s] {
  code: -805,
  message: "Service window timeout exceeded. Run action 'start' and try again."
}
[+51.7s] {
  code: -805,
  message: "Service window timeout exceeded. Run action 'start' and try again."
}
[+51.9s] {
  code: -805,
  message: "Service window timeout exceeded. Run action 'start' and try again."
}
[+52.0s] {
  code: -805,
  message: "Service window timeout exceeded. Run action 'start' and try again."
}
[+52.1s] {
  code: -805,
  message: "Service window timeout exceeded. Run action 'start' and try again."
}
[+52.2s] {
  code: -805,
  message: "Service window timeout exceeded. Run action 'start' and try again."
}
[+52.3s] {
  code: -805,
  message: "Service window timeout exceeded. Run action 'start' and try again."
}
[+52.4s] {
  code: -805,
  message: "Service window timeout exceeded. Run action 'start' and try again."
}
[+52.5s] {
  code: -805,
  message: "Service window timeout exceeded. Run action 'start' and try again."
}
[+52.6s] {
  code: -805,
  message: "Service window timeout exceeded. Run action 'start' and try again."
}
[+52.6s] {
  code: -805,
  message: "Service window timeout exceeded. Run action 'start' and try again."
}
[+52.7s] {
  code: -805,
  message: "Service window timeout exceeded. Run action 'start' and try again."
}
[+52.9s] {
  code: -805,
  message: "Service window timeout exceeded. Run action 'start' and try again."
}
[+53.0s] {
  code: -805,
  message: "Service window timeout exceeded. Run action 'start' and try again."
}
[+53.1s] {
  code: -805,
  message: "Service window timeout exceeded. Run action 'start' and try again."
}
[+53.1s] {
  code: -805,
  message: "Service window timeout exceeded. Run action 'start' and try again."
}
[+53.2s] {
  code: -805,
  message: "Service window timeout exceeded. Run action 'start' and try again."
}
[+53.3s] {
  code: -805,
  message: "Service window timeout exceeded. Run action 'start' and try again."
}
[+53.4s] {
  code: -805,
  message: "Service window timeout exceeded. Run action 'start' and try again."
}
[+53.5s] {
  code: -805,
  message: "Service window timeout exceeded. Run action 'start' and try again."
}
[+53.6s] {
  code: -805,
  message: "Service window timeout exceeded. Run action 'start' and try again."
}
[+53.7s] {
  code: -805,
  message: "Service window timeout exceeded. Run action 'start' and try again."
}
[+53.8s] {
  code: -805,
  message: "Service window timeout exceeded. Run action 'start' and try again."
}
[+53.9s] {
  code: -805,
  message: "Service window timeout exceeded. Run action 'start' and try again."
}
[+54.1s] {
  code: -805,
  message: "Service window timeout exceeded. Run action 'start' and try again."
}
[+54.1s] {
  code: -805,
  message: "Service window timeout exceeded. Run action 'start' and try again."
}
[+54.2s] {
  code: -805,
  message: "Service window timeout exceeded. Run action 'start' and try again."
}
[+54.3s] {
  code: -805,
  message: "Service window timeout exceeded. Run action 'start' and try again."
}
[+54.5s] {
  code: -805,
  message: "Service window timeout exceeded. Run action 'start' and try again."
}
[+54.6s] {
  code: -805,
  message: "Service window timeout exceeded. Run action 'start' and try again."
}
[+54.7s] {
  code: -805,
  message: "Service window timeout exceeded. Run action 'start' and try again."
}
[+54.8s] {
  code: -805,
  message: "Service window timeout exceeded. Run action 'start' and try again."
}
[+54.8s] {
  code: -805,
  message: "Service window timeout exceeded. Run action 'start' and try again."
}
[+54.9s] {
  code: -805,
  message: "Service window timeout exceeded. Run action 'start' and try again."
}
[+55.1s] {
  code: -805,
  message: "Service window timeout exceeded. Run action 'start' and try again."
}
[+55.2s] {
  code: -805,
  message: "Service window timeout exceeded. Run action 'start' and try again."
}
[+55.3s] {
  code: -805,
  message: "Service window timeout exceeded. Run action 'start' and try again."
}
[+55.4s] {
  code: -805,
  message: "Service window timeout exceeded. Run action 'start' and try again."
}
[+55.5s] {
  code: -805,
  message: "Service window timeout exceeded. Run action 'start' and try again."
}
[+55.6s] {
  code: -805,
  message: "Service window timeout exceeded. Run action 'start' and try again."
}
[+55.8s] {
  code: -805,
  message: "Service window timeout exceeded. Run action 'start' and try again."
}
[+55.9s] {
  code: -805,
  message: "Service window timeout exceeded. Run action 'start' and try again."
}
[+56.0s] {
  code: -805,
  message: "Service window timeout exceeded. Run action 'start' and try again."
}
[+56.1s] {
  code: -805,
  message: "Service window timeout exceeded. Run action 'start' and try again."
}
[+56.1s] {
  code: -805,
  message: "Service window timeout exceeded. Run action 'start' and try again."
}
[+56.2s] {
  code: -805,
  message: "Service window timeout exceeded. Run action 'start' and try again."
}
[+56.3s] {
  code: -805,
  message: "Service window timeout exceeded. Run action 'start' and try again."
}
[+56.4s] {
  code: -805,
  message: "Service window timeout exceeded. Run action 'start' and try again."
}
[+56.6s] {
  code: -805,
  message: "Service window timeout exceeded. Run action 'start' and try again."
}
[+56.7s] {
  code: -805,
  message: "Service window timeout exceeded. Run action 'start' and try again."
}
[+56.8s] {
  code: -805,
  message: "Service window timeout exceeded. Run action 'start' and try again."
}
[+56.9s] {
  code: -805,
  message: "Service window timeout exceeded. Run action 'start' and try again."
}
[+56.9s] {
  code: -805,
  message: "Service window timeout exceeded. Run action 'start' and try again."
}
[+57.0s] {
  code: -805,
  message: "Service window timeout exceeded. Run action 'start' and try again."
}
[+57.1s] {
  code: -805,
  message: "Service window timeout exceeded. Run action 'start' and try again."
}
[+57.2s] {
  code: -805,
  message: "Service window timeout exceeded. Run action 'start' and try again."
}
[+57.4s] {
  code: -805,
  message: "Service window timeout exceeded. Run action 'start' and try again."
}
[+57.5s] {
  code: -805,
  message: "Service window timeout exceeded. Run action 'start' and try again."
}
[+57.6s] {
  code: -805,
  message: "Service window timeout exceeded. Run action 'start' and try again."
}
[+57.6s] {
  code: -805,
  message: "Service window timeout exceeded. Run action 'start' and try again."
}
[+57.7s] {
  code: -805,
  message: "Service window timeout exceeded. Run action 'start' and try again."
}
[+57.8s] {
  code: -805,
  message: "Service window timeout exceeded. Run action 'start' and try again."
}
[+57.9s] {
  code: -805,
  message: "Service window timeout exceeded. Run action 'start' and try again."
}
[+58.0s] {
  code: -805,
  message: "Service window timeout exceeded. Run action 'start' and try again."
}
[+58.1s] {
  code: -805,
  message: "Service window timeout exceeded. Run action 'start' and try again."
}
[+58.1s] {
  code: -805,
  message: "Service window timeout exceeded. Run action 'start' and try again."
}
[+58.2s] {
  code: -805,
  message: "Service window timeout exceeded. Run action 'start' and try again."
}
[+58.3s] {
  code: -805,
  message: "Service window timeout exceeded. Run action 'start' and try again."
}
[+58.4s] {
  code: -805,
  message: "Service window timeout exceeded. Run action 'start' and try again."
}
[+58.5s] {
  code: -805,
  message: "Service window timeout exceeded. Run action 'start' and try again."
}
[+58.6s] {
  code: -805,
  message: "Service window timeout exceeded. Run action 'start' and try again."
}
[+58.7s] {
  code: -805,
  message: "Service window timeout exceeded. Run action 'start' and try again."
}
[+58.7s] {
  code: -805,
  message: "Service window timeout exceeded. Run action 'start' and try again."
}
[+58.8s] {
  code: -805,
  message: "Service window timeout exceeded. Run action 'start' and try again."
}
[+59.0s] {
  code: -805,
  message: "Service window timeout exceeded. Run action 'start' and try again."
}
[+59.1s] {
  code: -805,
  message: "Service window timeout exceeded. Run action 'start' and try again."
}
[+59.2s] {
  code: -805,
  message: "Service window timeout exceeded. Run action 'start' and try again."
}
[+59.3s] {
  code: -805,
  message: "Service window timeout exceeded. Run action 'start' and try again."
}
[+59.3s] {
  code: -805,
  message: "Service window timeout exceeded. Run action 'start' and try again."
}
[+59.5s] {
  code: -805,
  message: "Service window timeout exceeded. Run action 'start' and try again."
}
[+59.7s] {
  code: -805,
  message: "Service window timeout exceeded. Run action 'start' and try again."
}
[+59.8s] {
  code: -805,
  message: "Service window timeout exceeded. Run action 'start' and try again."
}
[+59.9s] {
  code: -805,
  message: "Service window timeout exceeded. Run action 'start' and try again."
}
[+60.0s] {
  code: -805,
  message: "Service window timeout exceeded. Run action 'start' and try again."
}
[+60.1s] {
  code: -805,
  message: "Service window timeout exceeded. Run action 'start' and try again."
}
[+60.2s] {
  code: -805,
  message: "Service window timeout exceeded. Run action 'start' and try again."
}
[+60.3s] {
  code: -805,
  message: "Service window timeout exceeded. Run action 'start' and try again."
}
[+60.4s] {
  code: -805,
  message: "Service window timeout exceeded. Run action 'start' and try again."
}
[+60.4s] {
  code: -805,
  message: "Service window timeout exceeded. Run action 'start' and try again."
}
[+60.5s] {
  code: -805,
  message: "Service window timeout exceeded. Run action 'start' and try again."
}
[+60.7s] {
  code: -805,
  message: "Service window timeout exceeded. Run action 'start' and try again."
}
[+60.7s] {
  code: -805,
  message: "Service window timeout exceeded. Run action 'start' and try again."
}
[+60.8s] {
  code: -805,
  message: "Service window timeout exceeded. Run action 'start' and try again."
}
[+60.9s] {
  code: -805,
  message: "Service window timeout exceeded. Run action 'start' and try again."
}
[+60.9s] {
  code: -805,
  message: "Service window timeout exceeded. Run action 'start' and try again."
}
[+61.1s] {
  code: -805,
  message: "Service window timeout exceeded. Run action 'start' and try again."
}
[+61.2s] {
  code: -805,
  message: "Service window timeout exceeded. Run action 'start' and try again."
}
[+61.3s] {
  code: -805,
  message: "Service window timeout exceeded. Run action 'start' and try again."
}
[+61.3s] {
  code: -805,
  message: "Service window timeout exceeded. Run action 'start' and try again."
}
[+61.5s] {
  code: -805,
  message: "Service window timeout exceeded. Run action 'start' and try again."
}
[+61.5s] {
  code: -805,
  message: "Service window timeout exceeded. Run action 'start' and try again."
}
[+61.6s] {
  code: -805,
  message: "Service window timeout exceeded. Run action 'start' and try again."
}
[+61.7s] {
  code: -805,
  message: "Service window timeout exceeded. Run action 'start' and try again."
}
[+61.8s] {
  code: -805,
  message: "Service window timeout exceeded. Run action 'start' and try again."
}
[+61.9s] {
  code: -805,
  message: "Service window timeout exceeded. Run action 'start' and try again."
}
[+62.0s] {
  code: -805,
  message: "Service window timeout exceeded. Run action 'start' and try again."
}
[+62.0s] {
  code: -805,
  message: "Service window timeout exceeded. Run action 'start' and try again."
}
[+62.1s] {
  code: -805,
  message: "Service window timeout exceeded. Run action 'start' and try again."
}
[+62.2s] {
  code: -805,
  message: "Service window timeout exceeded. Run action 'start' and try again."
}
[+62.3s] {
  code: -805,
  message: "Service window timeout exceeded. Run action 'start' and try again."
}
[+62.4s] {
  code: -805,
  message: "Service window timeout exceeded. Run action 'start' and try again."
}
[+62.6s] {
  code: -805,
  message: "Service window timeout exceeded. Run action 'start' and try again."
}
[+62.6s] {
  code: -805,
  message: "Service window timeout exceeded. Run action 'start' and try again."
}
[+62.7s] {
  code: -805,
  message: "Service window timeout exceeded. Run action 'start' and try again."
}
[+62.9s] {
  code: -805,
  message: "Service window timeout exceeded. Run action 'start' and try again."
}
[+63.0s] {
  code: -805,
  message: "Service window timeout exceeded. Run action 'start' and try again."
}
[+63.1s] {
  code: -805,
  message: "Service window timeout exceeded. Run action 'start' and try again."
}
[+63.2s] {
  code: -805,
  message: "Service window timeout exceeded. Run action 'start' and try again."
}
[+63.4s] {
  code: -805,
  message: "Service window timeout exceeded. Run action 'start' and try again."
}
[+63.5s] {
  code: -805,
  message: "Service window timeout exceeded. Run action 'start' and try again."
}
[+63.5s] {
  code: -805,
  message: "Service window timeout exceeded. Run action 'start' and try again."
}
[+63.6s] {
  code: -805,
  message: "Service window timeout exceeded. Run action 'start' and try again."
}
[+63.8s] {
  code: -805,
  message: "Service window timeout exceeded. Run action 'start' and try again."
}
[+63.8s] {
  code: -805,
  message: "Service window timeout exceeded. Run action 'start' and try again."
}
[+63.9s] {
  code: -805,
  message: "Service window timeout exceeded. Run action 'start' and try again."
}
[+64.0s] {
  code: -805,
  message: "Service window timeout exceeded. Run action 'start' and try again."
}
[+64.1s] {
  code: -805,
  message: "Service window timeout exceeded. Run action 'start' and try again."
}
[+64.2s] {
  code: -805,
  message: "Service window timeout exceeded. Run action 'start' and try again."
}
[+64.3s] {
  code: -805,
  message: "Service window timeout exceeded. Run action 'start' and try again."
}
[+64.4s] {
  code: -805,
  message: "Service window timeout exceeded. Run action 'start' and try again."
}
[+64.5s] {
  code: -805,
  message: "Service window timeout exceeded. Run action 'start' and try again."
}
[+64.6s] {
  code: -805,
  message: "Service window timeout exceeded. Run action 'start' and try again."
}
[+64.7s] {
  code: -805,
  message: "Service window timeout exceeded. Run action 'start' and try again."
}
[+64.7s] {
  code: -805,
  message: "Service window timeout exceeded. Run action 'start' and try again."
}
[+64.8s] {
  code: -805,
  message: "Service window timeout exceeded. Run action 'start' and try again."
}
[+64.9s] {
  code: -805,
  message: "Service window timeout exceeded. Run action 'start' and try again."
}
[+65.0s] {
  code: -805,
  message: "Service window timeout exceeded. Run action 'start' and try again."
}
[+65.1s] {
  code: -805,
  message: "Service window timeout exceeded. Run action 'start' and try again."
}
[+65.2s] {
  code: -805,
  message: "Service window timeout exceeded. Run action 'start' and try again."
}
[+65.3s] {
  code: -805,
  message: "Service window timeout exceeded. Run action 'start' and try again."
}
[+65.4s] {
  code: -805,
  message: "Service window timeout exceeded. Run action 'start' and try again."
}
[+65.5s] {
  code: -805,
  message: "Service window timeout exceeded. Run action 'start' and try again."
}
[+65.6s] {
  code: -805,
  message: "Service window timeout exceeded. Run action 'start' and try again."
}
[+65.7s] {
  code: -805,
  message: "Service window timeout exceeded. Run action 'start' and try again."
}
[+65.7s] {
  code: -805,
  message: "Service window timeout exceeded. Run action 'start' and try again."
}
[+65.8s] {
  code: -805,
  message: "Service window timeout exceeded. Run action 'start' and try again."
}
[+66.0s] {
  code: -805,
  message: "Service window timeout exceeded. Run action 'start' and try again."
}
[+66.1s] {
  code: -805,
  message: "Service window timeout exceeded. Run action 'start' and try again."
}
[+66.3s] {
  code: -805,
  message: "Service window timeout exceeded. Run action 'start' and try again."
}
[+66.4s] {
  code: -805,
  message: "Service window timeout exceeded. Run action 'start' and try again."
}
[+66.5s] {
  code: -805,
  message: "Service window timeout exceeded. Run action 'start' and try again."
}
[+66.5s] {
  code: -805,
  message: "Service window timeout exceeded. Run action 'start' and try again."
}
[+66.6s] {
  code: -805,
  message: "Service window timeout exceeded. Run action 'start' and try again."
}
[+66.7s] {
  code: -805,
  message: "Service window timeout exceeded. Run action 'start' and try again."
}
[+66.8s] {
  code: -805,
  message: "Service window timeout exceeded. Run action 'start' and try again."
}
[+66.9s] {
  code: -805,
  message: "Service window timeout exceeded. Run action 'start' and try again."
}
[+67.0s] {
  code: -805,
  message: "Service window timeout exceeded. Run action 'start' and try again."
}
[+67.1s] {
  code: -805,
  message: "Service window timeout exceeded. Run action 'start' and try again."
}
[+67.3s] {
  code: -805,
  message: "Service window timeout exceeded. Run action 'start' and try again."
}
[+67.4s] {
  code: -805,
  message: "Service window timeout exceeded. Run action 'start' and try again."
}
[+67.5s] {
  code: -805,
  message: "Service window timeout exceeded. Run action 'start' and try again."
}
[+67.6s] {
  code: -805,
  message: "Service window timeout exceeded. Run action 'start' and try again."
}
[+67.8s] {
  code: -805,
  message: "Service window timeout exceeded. Run action 'start' and try again."
}
[+67.9s] {
  code: -805,
  message: "Service window timeout exceeded. Run action 'start' and try again."
}
[+68.0s] {
  code: -805,
  message: "Service window timeout exceeded. Run action 'start' and try again."
}
[+68.1s] {
  code: -805,
  message: "Service window timeout exceeded. Run action 'start' and try again."
}
[+68.2s] {
  code: -805,
  message: "Service window timeout exceeded. Run action 'start' and try again."
}
[+68.3s] {
  code: -805,
  message: "Service window timeout exceeded. Run action 'start' and try again."
}
[+68.3s] {
  code: -805,
  message: "Service window timeout exceeded. Run action 'start' and try again."
}
[+68.4s] {
  code: -805,
  message: "Service window timeout exceeded. Run action 'start' and try again."
}
[+68.5s] {
  code: -805,
  message: "Service window timeout exceeded. Run action 'start' and try again."
}
[+68.6s] {
  code: -805,
  message: "Service window timeout exceeded. Run action 'start' and try again."
}
[+68.7s] {
  code: -805,
  message: "Service window timeout exceeded. Run action 'start' and try again."
}
[+68.8s] {
  code: -805,
  message: "Service window timeout exceeded. Run action 'start' and try again."
}
[+68.9s] {
  code: -805,
  message: "Service window timeout exceeded. Run action 'start' and try again."
}
[+69.0s] {
  code: -805,
  message: "Service window timeout exceeded. Run action 'start' and try again."
}
[+69.1s] {
  code: -805,
  message: "Service window timeout exceeded. Run action 'start' and try again."
}
[+69.2s] {
  code: -805,
  message: "Service window timeout exceeded. Run action 'start' and try again."
}
[+69.3s] {
  code: -805,
  message: "Service window timeout exceeded. Run action 'start' and try again."
}
[+69.3s] {
  code: -805,
  message: "Service window timeout exceeded. Run action 'start' and try again."
}
[+69.4s] {
  code: -805,
  message: "Service window timeout exceeded. Run action 'start' and try again."
}
[+69.5s] {
  code: -805,
  message: "Service window timeout exceeded. Run action 'start' and try again."
}
[+69.7s] {
  code: -805,
  message: "Service window timeout exceeded. Run action 'start' and try again."
}
[+69.8s] {
  code: -805,
  message: "Service window timeout exceeded. Run action 'start' and try again."
}
[+70.0s] {
  code: -805,
  message: "Service window timeout exceeded. Run action 'start' and try again."
}
[+70.0s] {
  code: -805,
  message: "Service window timeout exceeded. Run action 'start' and try again."
}
[+70.1s] {
  code: -805,
  message: "Service window timeout exceeded. Run action 'start' and try again."
}
[+70.2s] {
  code: -805,
  message: "Service window timeout exceeded. Run action 'start' and try again."
}
[+70.3s] {
  code: -805,
  message: "Service window timeout exceeded. Run action 'start' and try again."
}
[+70.3s] {
  code: -805,
  message: "Service window timeout exceeded. Run action 'start' and try again."
}
[+70.5s] {
  code: -805,
  message: "Service window timeout exceeded. Run action 'start' and try again."
}
[+70.6s] {
  code: -805,
  message: "Service window timeout exceeded. Run action 'start' and try again."
}
[+70.7s] {
  code: -805,
  message: "Service window timeout exceeded. Run action 'start' and try again."
}
[+70.8s] {
  code: -805,
  message: "Service window timeout exceeded. Run action 'start' and try again."
}
[+70.9s] {
  code: -805,
  message: "Service window timeout exceeded. Run action 'start' and try again."
}
[+71.0s] {
  code: -805,
  message: "Service window timeout exceeded. Run action 'start' and try again."
}
[+71.1s] {
  code: -805,
  message: "Service window timeout exceeded. Run action 'start' and try again."
}
[+71.2s] {
  code: -805,
  message: "Service window timeout exceeded. Run action 'start' and try again."
}
[+71.3s] {
  code: -805,
  message: "Service window timeout exceeded. Run action 'start' and try again."
}
[+71.4s] {
  code: -805,
  message: "Service window timeout exceeded. Run action 'start' and try again."
}
[+71.4s] {
  code: -805,
  message: "Service window timeout exceeded. Run action 'start' and try again."
}
[+71.5s] {
  code: -805,
  message: "Service window timeout exceeded. Run action 'start' and try again."
}
[+71.7s] {
  code: -805,
  message: "Service window timeout exceeded. Run action 'start' and try again."
}
[+71.8s] {
  code: -805,
  message: "Service window timeout exceeded. Run action 'start' and try again."
}
[+71.9s] {
  code: -805,
  message: "Service window timeout exceeded. Run action 'start' and try again."
}
[+72.0s] {
  code: -805,
  message: "Service window timeout exceeded. Run action 'start' and try again."
}
[+72.1s] {
  code: -805,
  message: "Service window timeout exceeded. Run action 'start' and try again."
}
[+72.1s] {
  code: -805,
  message: "Service window timeout exceeded. Run action 'start' and try again."
}
[+72.2s] {
  code: -805,
  message: "Service window timeout exceeded. Run action 'start' and try again."
}
[+72.4s] {
  code: -805,
  message: "Service window timeout exceeded. Run action 'start' and try again."
}
[+72.4s] {
  code: -805,
  message: "Service window timeout exceeded. Run action 'start' and try again."
}
[+72.5s] {
  code: -805,
  message: "Service window timeout exceeded. Run action 'start' and try again."
}
[+72.6s] {
  code: -805,
  message: "Service window timeout exceeded. Run action 'start' and try again."
}
[+72.7s] {
  code: -805,
  message: "Service window timeout exceeded. Run action 'start' and try again."
}
[+72.8s] {
  code: -805,
  message: "Service window timeout exceeded. Run action 'start' and try again."
}
[+72.9s] {
  code: -805,
  message: "Service window timeout exceeded. Run action 'start' and try again."
}
[+73.0s] {
  code: -805,
  message: "Service window timeout exceeded. Run action 'start' and try again."
}
[+73.0s] {
  code: -805,
  message: "Service window timeout exceeded. Run action 'start' and try again."
}
[+73.1s] {
  code: -805,
  message: "Service window timeout exceeded. Run action 'start' and try again."
}
[+73.3s] {
  code: -805,
  message: "Service window timeout exceeded. Run action 'start' and try again."
}
[+73.4s] {
  code: -805,
  message: "Service window timeout exceeded. Run action 'start' and try again."
}
[+73.4s] {
  code: -805,
  message: "Service window timeout exceeded. Run action 'start' and try again."
}
[+73.5s] {
  code: -805,
  message: "Service window timeout exceeded. Run action 'start' and try again."
}
[+73.6s] {
  code: -805,
  message: "Service window timeout exceeded. Run action 'start' and try again."
}
[+73.8s] {
  code: -805,
  message: "Service window timeout exceeded. Run action 'start' and try again."
}
[+73.9s] {
  code: -805,
  message: "Service window timeout exceeded. Run action 'start' and try again."
}
[+74.0s] {
  code: -805,
  message: "Service window timeout exceeded. Run action 'start' and try again."
}
[+74.1s] {
  code: -805,
  message: "Service window timeout exceeded. Run action 'start' and try again."
}
[+74.2s] {
  code: -805,
  message: "Service window timeout exceeded. Run action 'start' and try again."
}
[+74.3s] {
  code: -805,
  message: "Service window timeout exceeded. Run action 'start' and try again."
}
[+74.4s] {
  code: -805,
  message: "Service window timeout exceeded. Run action 'start' and try again."
}
[+74.4s] {
  code: -805,
  message: "Service window timeout exceeded. Run action 'start' and try again."
}
[+74.6s] {
  code: -805,
  message: "Service window timeout exceeded. Run action 'start' and try again."
}
[+74.7s] {
  code: -805,
  message: "Service window timeout exceeded. Run action 'start' and try again."
}
[+74.8s] {
  code: -805,
  message: "Service window timeout exceeded. Run action 'start' and try again."
}
[+74.8s] {
  code: -805,
  message: "Service window timeout exceeded. Run action 'start' and try again."
}
[+74.9s] {
  code: -805,
  message: "Service window timeout exceeded. Run action 'start' and try again."
}
[+75.0s] {
  code: -805,
  message: "Service window timeout exceeded. Run action 'start' and try again."
}
[+75.2s] {
  code: -805,
  message: "Service window timeout exceeded. Run action 'start' and try again."
}
[+75.3s] {
  code: -805,
  message: "Service window timeout exceeded. Run action 'start' and try again."
}
[+75.4s] {
  code: -805,
  message: "Service window timeout exceeded. Run action 'start' and try again."
}
[+75.4s] {
  code: -805,
  message: "Service window timeout exceeded. Run action 'start' and try again."
}
[+75.5s] {
  code: -805,
  message: "Service window timeout exceeded. Run action 'start' and try again."
}
[+75.6s] {
  code: -805,
  message: "Service window timeout exceeded. Run action 'start' and try again."
}
[+75.8s] {
  code: -805,
  message: "Service window timeout exceeded. Run action 'start' and try again."
}
[+75.9s] {
  code: -805,
  message: "Service window timeout exceeded. Run action 'start' and try again."
}
[+76.0s] {
  code: -805,
  message: "Service window timeout exceeded. Run action 'start' and try again."
}
[+76.1s] {
  code: -805,
  message: "Service window timeout exceeded. Run action 'start' and try again."
}
[+76.2s] {
  code: -805,
  message: "Service window timeout exceeded. Run action 'start' and try again."
}
[+76.3s] {
  code: -805,
  message: "Service window timeout exceeded. Run action 'start' and try again."
}
[+76.4s] {
  code: -805,
  message: "Service window timeout exceeded. Run action 'start' and try again."
}
[+76.6s] {
  code: -805,
  message: "Service window timeout exceeded. Run action 'start' and try again."
}
[+76.8s] {
  code: -805,
  message: "Service window timeout exceeded. Run action 'start' and try again."
}
[+76.8s] {
  code: -805,
  message: "Service window timeout exceeded. Run action 'start' and try again."
}
[+76.9s] {
  code: -805,
  message: "Service window timeout exceeded. Run action 'start' and try again."
}
[+77.0s] {
  code: -805,
  message: "Service window timeout exceeded. Run action 'start' and try again."
}
[+77.1s] {
  code: -805,
  message: "Service window timeout exceeded. Run action 'start' and try again."
}
[+77.2s] {
  code: -805,
  message: "Service window timeout exceeded. Run action 'start' and try again."
}
[+77.3s] {
  code: -805,
  message: "Service window timeout exceeded. Run action 'start' and try again."
}
[+77.4s] {
  code: -805,
  message: "Service window timeout exceeded. Run action 'start' and try again."
}
[+77.5s] {
  code: -805,
  message: "Service window timeout exceeded. Run action 'start' and try again."
}
[+77.6s] {
  code: -805,
  message: "Service window timeout exceeded. Run action 'start' and try again."
}
[+77.6s] {
  code: -805,
  message: "Service window timeout exceeded. Run action 'start' and try again."
}
[+77.8s] {
  code: -805,
  message: "Service window timeout exceeded. Run action 'start' and try again."
}
[+77.8s] {
  code: -805,
  message: "Service window timeout exceeded. Run action 'start' and try again."
}
[+77.9s] {
  code: -805,
  message: "Service window timeout exceeded. Run action 'start' and try again."
}
[+78.0s] {
  code: -805,
  message: "Service window timeout exceeded. Run action 'start' and try again."
}
[+78.1s] {
  code: -805,
  message: "Service window timeout exceeded. Run action 'start' and try again."
}
[+78.2s] {
  code: -805,
  message: "Service window timeout exceeded. Run action 'start' and try again."
}
[+78.3s] {
  code: -805,
  message: "Service window timeout exceeded. Run action 'start' and try again."
}
[+78.4s] {
  code: -805,
  message: "Service window timeout exceeded. Run action 'start' and try again."
}
[+78.5s] {
  code: -805,
  message: "Service window timeout exceeded. Run action 'start' and try again."
}
[+78.5s] {
  code: -805,
  message: "Service window timeout exceeded. Run action 'start' and try again."
}
[+78.6s] {
  code: -805,
  message: "Service window timeout exceeded. Run action 'start' and try again."
}
[+78.7s] {
  code: -805,
  message: "Service window timeout exceeded. Run action 'start' and try again."
}
[+78.8s] {
  code: -805,
  message: "Service window timeout exceeded. Run action 'start' and try again."
}
[+79.0s] {
  code: -805,
  message: "Service window timeout exceeded. Run action 'start' and try again."
}
[+79.0s] {
  code: -805,
  message: "Service window timeout exceeded. Run action 'start' and try again."
}
[+79.1s] {
  code: -805,
  message: "Service window timeout exceeded. Run action 'start' and try again."
}
