Starting windpower agent...
[standard] Starting (depth: 0)
[standard] Tool: windpower_start({})
[+1.6s] {"apikey":"45c66011-814f-47fa-b1a6-cb4b31bc5ada","task":"windpower","answer":{"action":"start"}}
[+2.0s] {"code":60,"message":"Windpower session started.","sessionStart":"2026-04-15 11:39:11","sessionTimeout":40}
[standard] ← {"code":60,"message":"Windpower session started.","sessionStart":"2026-04-15 11:39:11","sessionTimeout":40}
[standard] Tool: windpower_get({"params":["weather","turbinecheck","powerplantcheck","documentation"]})
[+2.9s] {"apikey":"45c66011-814f-47fa-b1a6-cb4b31bc5ada","task":"windpower","answer":{"action":"get","param":"documentation"}}
[+3.0s] {"code":50,"message":"Wind turbine documentation returned.","language":"en","ratedPowerKw":14,"windPowerYieldPercent":[{"windMs":4,"yieldPercent":"10-15"},{"windMs":6,"yieldPercent":"30-40"},{"windMs":8,"yieldPercent":"60-70"},{"windMs":10,"yieldPercent":"90-100"},{"windMsRange":"12-14","yieldPercent":"100"},{"windMsRange":"14+","yieldPercent":"damage"}],"pitchAngleYieldPercent":[{"pitchAngleDeg":0,"yieldPercent":"100"},{"pitchAngleDeg":45,"yieldPercent":"65"},{"pitchAngleDeg":90,"yieldPercent":"0"}],"operationalNote":"Generated power in this model depends on wind speed (m/s) and blade pitch angle. Allowed pitch settings are 0, 45, and 90 degrees. At 90 degrees, electricity generation is disabled and this mode should be used during severe storms. At low wind speeds, set pitch to 0 degrees to maximize energy capture.","safety":{"cutoffWindMs":14,"shutdownRule":"Shut down the turbine above 14 m/s to prevent blade damage or blade breakage.","minOperationalWindMs":4,"lowWindRule":"Below 4 m/s the turbine cannot generate electricity."}}
[+3.0s] {"apikey":"45c66011-814f-47fa-b1a6-cb4b31bc5ada","task":"windpower","answer":{"action":"get","param":"weather"}}
[+3.0s] {"apikey":"45c66011-814f-47fa-b1a6-cb4b31bc5ada","task":"windpower","answer":{"action":"get","param":"turbinecheck"}}
[+3.0s] {"apikey":"45c66011-814f-47fa-b1a6-cb4b31bc5ada","task":"windpower","answer":{"action":"get","param":"powerplantcheck"}}
[+3.1s] {"code":21,"message":"Task has been queued. Use getResult to retrieve the response."}
[+3.2s] {"code":31,"message":"Task has been queued. Use getResult to retrieve the response."}
[+3.3s] {"code":41,"message":"Task has been queued. Use getResult to retrieve the response."}
[+12.7s] {
  code: 12,
  message: 'insufficient energy to start management systems',
  sourceFunction: 'powerplantcheck',
  mode: 'StandBy',
  cooling: 'within norm',
  firmware: 'operational',
  powerDeficitKw: '2-3',
  producedPowerKw: 0
}
[+14.9s] {
  code: 12,
  message: 'Low battery level detected in turbine backup power system.',
  sourceFunction: 'turbinecheck',
  status: 'Turbine is operating correctly.',
  bladePitchAngleDeg: 0,
  battery: 'low'
}
[+26.8s] {
  code: 12,
  message: 'Queued response retrieved.',
  sourceFunction: 'weather',
  intervalHours: 2,
  forecastDays: 7,
  unit: { windMs: 'm/s', precipitationMm: 'mm', temperatureC: 'C' },
  forecast: [
    {
      timestamp: '2026-04-15 00:00:00',
      windMs: 3,
      precipitationMm: 0,
      temperatureC: 24.5
    },
    {
      timestamp: '2026-04-15 02:00:00',
      windMs: 2.5,
      precipitationMm: 0,
      temperatureC: 25.4
    },
    {
      timestamp: '2026-04-15 04:00:00',
      windMs: 2,
      precipitationMm: 0,
      temperatureC: 26.3
    },
    {
      timestamp: '2026-04-15 06:00:00',
      windMs: 2,
      precipitationMm: 0,
      temperatureC: 27.9
    },
    {
      timestamp: '2026-04-15 08:00:00',
      windMs: 2.1,
      precipitationMm: 0,
      temperatureC: 27.8
    },
    {
      timestamp: '2026-04-15 10:00:00',
      windMs: 2.4,
      precipitationMm: 0,
      temperatureC: 29
    },
    {
      timestamp: '2026-04-15 12:00:00',
      windMs: 3.2,
      precipitationMm: 0,
      temperatureC: 28.8
    },
    {
      timestamp: '2026-04-15 14:00:00',
      windMs: 3.5,
      precipitationMm: 0,
      temperatureC: 29.1
    },
    {
      timestamp: '2026-04-15 16:00:00',
      windMs: 3.9,
      precipitationMm: 0,
      temperatureC: 29.9
    },
    {
      timestamp: '2026-04-15 18:00:00',
      windMs: 3.7,
      precipitationMm: 0,
      temperatureC: 30.5
    },
    {
      timestamp: '2026-04-15 20:00:00',
      windMs: 3.2,
      precipitationMm: 0,
      temperatureC: 30.5
    },
    {
      timestamp: '2026-04-15 22:00:00',
      windMs: 2.8,
      precipitationMm: 0,
      temperatureC: 30.1
    },
    {
      timestamp: '2026-04-16 00:00:00',
      windMs: 3.1,
      precipitationMm: 0,
      temperatureC: 28.4
    },
    {
      timestamp: '2026-04-16 02:00:00',
      windMs: 3.4,
      precipitationMm: 0,
      temperatureC: 28.9
    },
    {
      timestamp: '2026-04-16 04:00:00',
      windMs: 2.7,
      precipitationMm: 0,
      temperatureC: 27.7
    },
    {
      timestamp: '2026-04-16 06:00:00',
      windMs: 2.2,
      precipitationMm: 0,
      temperatureC: 26.7
    },
    {
      timestamp: '2026-04-16 08:00:00',
      windMs: 3.2,
      precipitationMm: 0,
      temperatureC: 26.3
    },
    {
      timestamp: '2026-04-16 10:00:00',
      windMs: 2.6,
      precipitationMm: 0,
      temperatureC: 27.6
    },
    {
      timestamp: '2026-04-16 12:00:00',
      windMs: 3.1,
      precipitationMm: 0,
      temperatureC: 28.2
    },
    {
      timestamp: '2026-04-16 14:00:00',
      windMs: 2.6,
      precipitationMm: 0,
      temperatureC: 28
    },
    {
      timestamp: '2026-04-16 16:00:00',
      windMs: 2.5,
      precipitationMm: 0,
      temperatureC: 28.3
    },
    {
      timestamp: '2026-04-16 18:00:00',
      windMs: 25,
      precipitationMm: 0,
      temperatureC: 29.7
    },
    {
      timestamp: '2026-04-16 20:00:00',
      windMs: 4.9,
      precipitationMm: 0,
      temperatureC: 28.5
    },
    {
      timestamp: '2026-04-16 22:00:00',
      windMs: 3.9,
      precipitationMm: 0,
      temperatureC: 27.9
    },
    {
      timestamp: '2026-04-17 00:00:00',
      windMs: 3,
      precipitationMm: 0,
      temperatureC: 27.9
    },
    {
      timestamp: '2026-04-17 02:00:00',
      windMs: 2.7,
      precipitationMm: 0,
      temperatureC: 28.6
    },
    {
      timestamp: '2026-04-17 04:00:00',
      windMs: 2.7,
      precipitationMm: 0.2,
      temperatureC: 28.9
    },
    {
      timestamp: '2026-04-17 06:00:00',
      windMs: 2.5,
      precipitationMm: 0.2,
      temperatureC: 29.9
    },
    {
      timestamp: '2026-04-17 08:00:00',
      windMs: 2.9,
      precipitationMm: 0,
      temperatureC: 28.3
    },
    {
      timestamp: '2026-04-17 10:00:00',
      windMs: 2.5,
      precipitationMm: 0,
      temperatureC: 30
    },
    {
      timestamp: '2026-04-17 12:00:00',
      windMs: 3.2,
      precipitationMm: 0,
      temperatureC: 31.2
    },
    {
      timestamp: '2026-04-17 14:00:00',
      windMs: 3.1,
      precipitationMm: 0,
      temperatureC: 31.6
    },
    {
      timestamp: '2026-04-17 16:00:00',
      windMs: 3.1,
      precipitationMm: 0,
      temperatureC: 32.6
    },
    {
      timestamp: '2026-04-17 18:00:00',
      windMs: 3.3,
      precipitationMm: 0,
      temperatureC: 32.4
    },
    {
      timestamp: '2026-04-17 20:00:00',
      windMs: 2.8,
      precipitationMm: 0,
      temperatureC: 30.7
    },
    {
      timestamp: '2026-04-17 22:00:00',
      windMs: 2.4,
      precipitationMm: 0,
      temperatureC: 30.2
    },
    {
      timestamp: '2026-04-18 00:00:00',
      windMs: 2,
      precipitationMm: 0,
      temperatureC: 29.8
    },
    {
      timestamp: '2026-04-18 02:00:00',
      windMs: 2,
      precipitationMm: 0,
      temperatureC: 27.9
    },
    {
      timestamp: '2026-04-18 04:00:00',
      windMs: 2.6,
      precipitationMm: 0,
      temperatureC: 27.2
    },
    {
      timestamp: '2026-04-18 06:00:00',
      windMs: 2,
      precipitationMm: 0,
      temperatureC: 27
    },
    {
      timestamp: '2026-04-18 08:00:00',
      windMs: 3,
      precipitationMm: 0,
      temperatureC: 26.3
    },
    {
      timestamp: '2026-04-18 10:00:00',
      windMs: 2.8,
      precipitationMm: 0,
      temperatureC: 28.7
    },
    {
      timestamp: '2026-04-18 12:00:00',
      windMs: 3,
      precipitationMm: 0,
      temperatureC: 29.9
    },
    {
      timestamp: '2026-04-18 14:00:00',
      windMs: 3.2,
      precipitationMm: 0,
      temperatureC: 30.7
    },
    {
      timestamp: '2026-04-18 16:00:00',
      windMs: 3,
      precipitationMm: 0,
      temperatureC: 31.6
    },
    {
      timestamp: '2026-04-18 18:00:00',
      windMs: 2.7,
      precipitationMm: 0,
      temperatureC: 32
    },
    {
      timestamp: '2026-04-18 20:00:00',
      windMs: 4.9,
      precipitationMm: 0,
      temperatureC: 31.3
    },
    {
      timestamp: '2026-04-18 22:00:00',
      windMs: 3.7,
      precipitationMm: 0,
      temperatureC: 29.4
    },
    {
      timestamp: '2026-04-19 00:00:00',
      windMs: 2.5,
      precipitationMm: 0,
      temperatureC: 29
    },
    {
      timestamp: '2026-04-19 02:00:00',
      windMs: 2,
      precipitationMm: 0,
      temperatureC: 28.4
    },
    {
      timestamp: '2026-04-19 04:00:00',
      windMs: 2,
      precipitationMm: 0,
      temperatureC: 27.8
    },
    {
      timestamp: '2026-04-19 06:00:00',
      windMs: 2,
      precipitationMm: 0,
      temperatureC: 27.8
    },
    {
      timestamp: '2026-04-19 08:00:00',
      windMs: 2,
      precipitationMm: 0,
      temperatureC: 28.1
    },
    {
      timestamp: '2026-04-19 10:00:00',
      windMs: 2.5,
      precipitationMm: 0,
      temperatureC: 29.6
    },
    {
      timestamp: '2026-04-19 12:00:00',
      windMs: 3.4,
      precipitationMm: 0,
      temperatureC: 31
    },
    {
      timestamp: '2026-04-19 14:00:00',
      windMs: 3.7,
      precipitationMm: 0,
      temperatureC: 30
    },
    {
      timestamp: '2026-04-19 16:00:00',
      windMs: 3.5,
      precipitationMm: 0,
      temperatureC: 29.7
    },
    {
      timestamp: '2026-04-19 18:00:00',
      windMs: 22,
      precipitationMm: 0,
      temperatureC: 28.9
    },
    {
      timestamp: '2026-04-19 20:00:00',
      windMs: 3.9,
      precipitationMm: 0,
      temperatureC: 29.3
    },
    {
      timestamp: '2026-04-19 22:00:00',
      windMs: 3.7,
      precipitationMm: 0,
      temperatureC: 29
    },
    {
      timestamp: '2026-04-20 00:00:00',
      windMs: 2.9,
      precipitationMm: 0,
      temperatureC: 29.4
    },
    {
      timestamp: '2026-04-20 02:00:00',
      windMs: 2.3,
      precipitationMm: 0,
      temperatureC: 27.4
    },
    {
      timestamp: '2026-04-20 04:00:00',
      windMs: 2.5,
      precipitationMm: 0,
      temperatureC: 27.1
    },
    {
      timestamp: '2026-04-20 06:00:00',
      windMs: 2.3,
      precipitationMm: 0,
      temperatureC: 26.4
    },
    {
      timestamp: '2026-04-20 08:00:00',
      windMs: 2.3,
      precipitationMm: 0,
      temperatureC: 27.9
    },
    {
      timestamp: '2026-04-20 10:00:00',
      windMs: 2.1,
      precipitationMm: 0,
      temperatureC: 29.5
    },
    {
      timestamp: '2026-04-20 12:00:00',
      windMs: 3,
      precipitationMm: 0,
      temperatureC: 29.5
    },
    {
      timestamp: '2026-04-20 14:00:00',
      windMs: 2.7,
      precipitationMm: 0,
      temperatureC: 29.1
    },
    {
      timestamp: '2026-04-20 16:00:00',
      windMs: 2.6,
      precipitationMm: 0,
      temperatureC: 28.6
    },
    {
      timestamp: '2026-04-20 18:00:00',
      windMs: 28,
      precipitationMm: 0.2,
      temperatureC: 30
    },
    {
      timestamp: '2026-04-20 20:00:00',
      windMs: 3.9,
      precipitationMm: 0,
      temperatureC: 30.2
    },
    {
      timestamp: '2026-04-20 22:00:00',
      windMs: 3.9,
      precipitationMm: 0,
      temperatureC: 30.2
    },
    {
      timestamp: '2026-04-21 00:00:00',
      windMs: 3.3,
      precipitationMm: 0,
      temperatureC: 29.4
    },
    {
      timestamp: '2026-04-21 02:00:00',
      windMs: 3.2,
      precipitationMm: 0,
      temperatureC: 29.5
    },
    {
      timestamp: '2026-04-21 04:00:00',
      windMs: 3.1,
      precipitationMm: 0,
      temperatureC: 29.5
    },
    {
      timestamp: '2026-04-21 06:00:00',
      windMs: 2.3,
      precipitationMm: 0,
      temperatureC: 28.9
    },
    {
      timestamp: '2026-04-21 08:00:00',
      windMs: 2.4,
      precipitationMm: 0,
      temperatureC: 29
    },
    {
      timestamp: '2026-04-21 10:00:00',
      windMs: 3.2,
      precipitationMm: 0,
      temperatureC: 29.5
    },
    {
      timestamp: '2026-04-21 12:00:00',
      windMs: 3.5,
      precipitationMm: 0,
      temperatureC: 29.7
    },
    {
      timestamp: '2026-04-21 14:00:00',
      windMs: 3.1,
      precipitationMm: 0,
      temperatureC: 30
    },
    {
      timestamp: '2026-04-21 16:00:00',
      windMs: 2.9,
      precipitationMm: 0,
      temperatureC: 30.1
    },
    {
      timestamp: '2026-04-21 18:00:00',
      windMs: 3.5,
      precipitationMm: 0,
      temperatureC: 30.9
    },
    {
      timestamp: '2026-04-21 20:00:00',
      windMs: 2.6,
      precipitationMm: 0,
      temperatureC: 29.3
    },
    {
      timestamp: '2026-04-21 22:00:00',
      windMs: 2.4,
      precipitationMm: 0.4,
      temperatureC: 27.5
    }
  ]
}
[standard] ← {"documentation":"{\"code\":50,\"message\":\"Wind turbine documentation returned.\",\"language\":\"en\",\"ratedPowerKw\":14,\"windPowerYieldPercent\":[{\"windMs\":4,\"yieldPercent\":\"10-15\"},{\"windMs\":6,\"yieldPercent\":\"30-40\"},{\"windMs\":8,\"yieldPercent\":\"60-70\"},{\"windMs\":10,\"yieldP…
[standard] Tool: windpower_config({"configs":[{"startDate":"2026-04-15","startHour":"14:00:00","windMs":3.5,"pitchAngle":0,"turbineMod…)
[+33.9s] {"apikey":"45c66011-814f-47fa-b1a6-cb4b31bc5ada","task":"windpower","answer":{"action":"unlockCodeGenerator","startDate":"2026-04-15","startHour":"14:00:00","windMs":3.5,"pitchAngle":0}}
[+33.9s] {"apikey":"45c66011-814f-47fa-b1a6-cb4b31bc5ada","task":"windpower","answer":{"action":"unlockCodeGenerator","startDate":"2026-04-15","startHour":"16:00:00","windMs":3.9,"pitchAngle":0}}
[+33.9s] {"apikey":"45c66011-814f-47fa-b1a6-cb4b31bc5ada","task":"windpower","answer":{"action":"unlockCodeGenerator","startDate":"2026-04-15","startHour":"18:00:00","windMs":3.7,"pitchAngle":0}}
[+33.9s] {"apikey":"45c66011-814f-47fa-b1a6-cb4b31bc5ada","task":"windpower","answer":{"action":"unlockCodeGenerator","startDate":"2026-04-15","startHour":"20:00:00","windMs":3.2,"pitchAngle":0}}
[+33.9s] {"apikey":"45c66011-814f-47fa-b1a6-cb4b31bc5ada","task":"windpower","answer":{"action":"unlockCodeGenerator","startDate":"2026-04-15","startHour":"22:00:00","windMs":2.8,"pitchAngle":0}}
[+33.9s] {"apikey":"45c66011-814f-47fa-b1a6-cb4b31bc5ada","task":"windpower","answer":{"action":"unlockCodeGenerator","startDate":"2026-04-16","startHour":"00:00:00","windMs":3.1,"pitchAngle":0}}
[+33.9s] {"apikey":"45c66011-814f-47fa-b1a6-cb4b31bc5ada","task":"windpower","answer":{"action":"unlockCodeGenerator","startDate":"2026-04-16","startHour":"02:00:00","windMs":3.4,"pitchAngle":0}}
[+33.9s] {"apikey":"45c66011-814f-47fa-b1a6-cb4b31bc5ada","task":"windpower","answer":{"action":"unlockCodeGenerator","startDate":"2026-04-16","startHour":"08:00:00","windMs":3.2,"pitchAngle":0}}
[+33.9s] {"apikey":"45c66011-814f-47fa-b1a6-cb4b31bc5ada","task":"windpower","answer":{"action":"unlockCodeGenerator","startDate":"2026-04-16","startHour":"12:00:00","windMs":3.1,"pitchAngle":0}}
[+33.9s] {"apikey":"45c66011-814f-47fa-b1a6-cb4b31bc5ada","task":"windpower","answer":{"action":"unlockCodeGenerator","startDate":"2026-04-16","startHour":"14:00:00","windMs":2.6,"pitchAngle":0}}
[+33.9s] {"apikey":"45c66011-814f-47fa-b1a6-cb4b31bc5ada","task":"windpower","answer":{"action":"unlockCodeGenerator","startDate":"2026-04-17","startHour":"16:00:00","windMs":3.1,"pitchAngle":0}}
[+34.2s] {"code":14,"message":"Task has been queued. Use getResult to retrieve the response."}
[+34.2s] {"code":14,"message":"Task has been queued. Use getResult to retrieve the response."}
[+34.2s] {"code":14,"message":"Task has been queued. Use getResult to retrieve the response."}
[+34.2s] {"code":14,"message":"Task has been queued. Use getResult to retrieve the response."}
[+34.2s] {"code":14,"message":"Task has been queued. Use getResult to retrieve the response."}
[+34.2s] {"code":14,"message":"Task has been queued. Use getResult to retrieve the response."}
[+34.2s] {"code":14,"message":"Task has been queued. Use getResult to retrieve the response."}
[+34.2s] {"code":14,"message":"Task has been queued. Use getResult to retrieve the response."}
[+34.3s] {"code":14,"message":"Task has been queued. Use getResult to retrieve the response."}
[+34.3s] {"code":14,"message":"Task has been queued. Use getResult to retrieve the response."}
[+34.3s] {"code":14,"message":"Task has been queued. Use getResult to retrieve the response."}
[+35.8s] {
  code: 12,
  message: 'Queued response retrieved.',
  sourceFunction: 'unlockCodeGenerator',
  unlockCode: '765238dc8dba98385b145dd33060b0db',
  signedParams: {
    startDate: '2026-04-15',
    startHour: '18:00:00',
    windMs: '3.7',
    pitchAngle: '0.0'
  }
}
[+35.9s] {
  code: 12,
  message: 'Queued response retrieved.',
  sourceFunction: 'unlockCodeGenerator',
  unlockCode: '8ba7ed5cbb3f01b686fd718bc16dd1ff',
  signedParams: {
    startDate: '2026-04-15',
    startHour: '16:00:00',
    windMs: '3.9',
    pitchAngle: '0.0'
  }
}
[+36.0s] {
  code: 12,
  message: 'Queued response retrieved.',
  sourceFunction: 'unlockCodeGenerator',
  unlockCode: 'dc131a2fd98c3b6ef67bd00418f8b502',
  signedParams: {
    startDate: '2026-04-16',
    startHour: '12:00:00',
    windMs: '3.1',
    pitchAngle: '0.0'
  }
}
[+36.1s] {
  code: 12,
  message: 'Queued response retrieved.',
  sourceFunction: 'unlockCodeGenerator',
  unlockCode: '67e8fb86c047a54d6e7dd3be3c23c615',
  signedParams: {
    startDate: '2026-04-15',
    startHour: '14:00:00',
    windMs: '3.5',
    pitchAngle: '0.0'
  }
}
[+36.2s] {
  code: 12,
  message: 'Queued response retrieved.',
  sourceFunction: 'unlockCodeGenerator',
  unlockCode: 'b99d1aecaf9d4b8dc558ede789e8cb54',
  signedParams: {
    startDate: '2026-04-16',
    startHour: '08:00:00',
    windMs: '3.2',
    pitchAngle: '0.0'
  }
}
[+36.3s] {
  code: 12,
  message: 'Queued response retrieved.',
  sourceFunction: 'unlockCodeGenerator',
  unlockCode: '2440c238d7b4a9bee504bf0302b33976',
  signedParams: {
    startDate: '2026-04-17',
    startHour: '16:00:00',
    windMs: '3.1',
    pitchAngle: '0.0'
  }
}
[+36.4s] {
  code: 12,
  message: 'Queued response retrieved.',
  sourceFunction: 'unlockCodeGenerator',
  unlockCode: '7f0b16d6a9c4bc11221a7e8f5670beda',
  signedParams: {
    startDate: '2026-04-15',
    startHour: '22:00:00',
    windMs: '2.8',
    pitchAngle: '0.0'
  }
}
[+36.6s] {
  code: 12,
  message: 'Queued response retrieved.',
  sourceFunction: 'unlockCodeGenerator',
  unlockCode: '7b34d31e5ada42f5558764146c14f362',
  signedParams: {
    startDate: '2026-04-16',
    startHour: '00:00:00',
    windMs: '3.1',
    pitchAngle: '0.0'
  }
}
[+36.7s] {
  code: 12,
  message: 'Queued response retrieved.',
  sourceFunction: 'unlockCodeGenerator',
  unlockCode: '510d58bafde51200a8088443ddae9e45',
  signedParams: {
    startDate: '2026-04-15',
    startHour: '20:00:00',
    windMs: '3.2',
    pitchAngle: '0.0'
  }
}
[+36.8s] {
  code: 12,
  message: 'Queued response retrieved.',
  sourceFunction: 'unlockCodeGenerator',
  unlockCode: 'd71a7948a9f365418ff697e965478dd5',
  signedParams: {
    startDate: '2026-04-16',
    startHour: '14:00:00',
    windMs: '2.6',
    pitchAngle: '0.0'
  }
}
[+36.8s] {
  code: 12,
  message: 'Queued response retrieved.',
  sourceFunction: 'unlockCodeGenerator',
  unlockCode: '0be66443ae6b95b33a75bbd97f94584f',
  signedParams: {
    startDate: '2026-04-16',
    startHour: '02:00:00',
    windMs: '3.4',
    pitchAngle: '0.0'
  }
}
[+36.8s] {"apikey":"45c66011-814f-47fa-b1a6-cb4b31bc5ada","task":"windpower","answer":{"action":"config","configs":{"2026-04-15 14:00:00":{"pitchAngle":0,"turbineMode":"idle","unlockCode":"67e8fb86c047a54d6e7dd3be3c23c615"},"2026-04-15 16:00:00":{"pitchAngle":0,"turbineMode":"idle","unlockCode":"8ba7ed5cbb3f01b686fd718bc16dd1ff"},"2026-04-15 18:00:00":{"pitchAngle":0,"turbineMode":"idle","unlockCode":"765238dc8dba98385b145dd33060b0db"},"2026-04-15 20:00:00":{"pitchAngle":0,"turbineMode":"idle","unlockCode":"510d58bafde51200a8088443ddae9e45"},"2026-04-15 22:00:00":{"pitchAngle":0,"turbineMode":"idle","unlockCode":"7f0b16d6a9c4bc11221a7e8f5670beda"},"2026-04-16 00:00:00":{"pitchAngle":0,"turbineMode":"idle","unlockCode":"7b34d31e5ada42f5558764146c14f362"},"2026-04-16 02:00:00":{"pitchAngle":0,"turbineMode":"idle","unlockCode":"0be66443ae6b95b33a75bbd97f94584f"},"2026-04-16 08:00:00":{"pitchAngle":0,"turbineMode":"idle","unlockCode":"b99d1aecaf9d4b8dc558ede789e8cb54"},"2026-04-16 12:00:00":{"pitchAngle":0,"turbineMode":"idle","unlockCode":"dc131a2fd98c3b6ef67bd00418f8b502"},"2026-04-16 14:00:00":{"pitchAngle":0,"turbineMode":"idle","unlockCode":"d71a7948a9f365418ff697e965478dd5"},"2026-04-17 16:00:00":{"pitchAngle":0,"turbineMode":"idle","unlockCode":"2440c238d7b4a9bee504bf0302b33976"}}}}
[+37.1s] {"code":10,"message":"Config point accepted and stored.","storedPoints":11}
[+37.1s] windpower_config finished
[standard] ← {"code":10,"message":"Config point accepted and stored.","storedPoints":11}
[standard] Tool: windpower_done({})
[+37.8s] {"apikey":"45c66011-814f-47fa-b1a6-cb4b31bc5ada","task":"windpower","answer":{"action":"done"}}
[+37.9s] {"code":-830,"message":"Unfortunately, the turbine was broken by strong wind gusts before it even started producing electricity."}
[standard] ← {"code":-830,"message":"Unfortunately, the turbine was broken by strong wind gusts before it even started producing electricity."}
[standard] Tool: windpower_start({})
[+38.9s] {"apikey":"45c66011-814f-47fa-b1a6-cb4b31bc5ada","task":"windpower","answer":{"action":"start"}}
[+39.1s] {"code":60,"message":"Windpower session started.","sessionStart":"2026-04-15 11:39:48","sessionTimeout":40}
[standard] ← {"code":60,"message":"Windpower session started.","sessionStart":"2026-04-15 11:39:48","sessionTimeout":40}
[standard] Tool: windpower_get({"params":["weather","turbinecheck","powerplantcheck","documentation"]})
[+40.1s] {"apikey":"45c66011-814f-47fa-b1a6-cb4b31bc5ada","task":"windpower","answer":{"action":"get","param":"documentation"}}
[+40.3s] {"code":50,"message":"Wind turbine documentation returned.","language":"en","ratedPowerKw":14,"windPowerYieldPercent":[{"windMs":4,"yieldPercent":"10-15"},{"windMs":6,"yieldPercent":"30-40"},{"windMs":8,"yieldPercent":"60-70"},{"windMs":10,"yieldPercent":"90-100"},{"windMsRange":"12-14","yieldPercent":"100"},{"windMsRange":"14+","yieldPercent":"damage"}],"pitchAngleYieldPercent":[{"pitchAngleDeg":0,"yieldPercent":"100"},{"pitchAngleDeg":45,"yieldPercent":"65"},{"pitchAngleDeg":90,"yieldPercent":"0"}],"operationalNote":"Generated power in this model depends on wind speed (m/s) and blade pitch angle. Allowed pitch settings are 0, 45, and 90 degrees. At 90 degrees, electricity generation is disabled and this mode should be used during severe storms. At low wind speeds, set pitch to 0 degrees to maximize energy capture.","safety":{"cutoffWindMs":14,"shutdownRule":"Shut down the turbine above 14 m/s to prevent blade damage or blade breakage.","minOperationalWindMs":4,"lowWindRule":"Below 4 m/s the turbine cannot generate electricity."}}
[+40.3s] {"apikey":"45c66011-814f-47fa-b1a6-cb4b31bc5ada","task":"windpower","answer":{"action":"get","param":"weather"}}
[+40.3s] {"apikey":"45c66011-814f-47fa-b1a6-cb4b31bc5ada","task":"windpower","answer":{"action":"get","param":"turbinecheck"}}
[+40.3s] {"apikey":"45c66011-814f-47fa-b1a6-cb4b31bc5ada","task":"windpower","answer":{"action":"get","param":"powerplantcheck"}}
[+40.3s] {"code":21,"message":"Task has been queued. Use getResult to retrieve the response."}
[+40.5s] {"code":31,"message":"Task has been queued. Use getResult to retrieve the response."}
[+40.6s] {"code":41,"message":"Task has been queued. Use getResult to retrieve the response."}
[+49.9s] {
  code: 12,
  message: 'insufficient energy to start management systems',
  sourceFunction: 'powerplantcheck',
  mode: 'StandBy',
  cooling: 'within norm',
  firmware: 'operational',
  powerDeficitKw: '4-5',
  producedPowerKw: 0
}
[+51.8s] {
  code: 12,
  message: 'Low battery level detected in turbine backup power system.',
  sourceFunction: 'turbinecheck',
  status: 'Turbine is operating correctly.',
  bladePitchAngleDeg: 0,
  battery: 'low'
}
[+63.9s] {
  code: 12,
  message: 'Queued response retrieved.',
  sourceFunction: 'weather',
  intervalHours: 2,
  forecastDays: 7,
  unit: { windMs: 'm/s', precipitationMm: 'mm', temperatureC: 'C' },
  forecast: [
    {
      timestamp: '2026-04-15 00:00:00',
      windMs: 3,
      precipitationMm: 0,
      temperatureC: 25.8
    },
    {
      timestamp: '2026-04-15 02:00:00',
      windMs: 2.7,
      precipitationMm: 0,
      temperatureC: 25.9
    },
    {
      timestamp: '2026-04-15 04:00:00',
      windMs: 2.3,
      precipitationMm: 0,
      temperatureC: 26
    },
    {
      timestamp: '2026-04-15 06:00:00',
      windMs: 2.8,
      precipitationMm: 0,
      temperatureC: 27.5
    },
    {
      timestamp: '2026-04-15 08:00:00',
      windMs: 2,
      precipitationMm: 0,
      temperatureC: 28.3
    },
    {
      timestamp: '2026-04-15 10:00:00',
      windMs: 2,
      precipitationMm: 0,
      temperatureC: 29
    },
    {
      timestamp: '2026-04-15 12:00:00',
      windMs: 2.4,
      precipitationMm: 0,
      temperatureC: 28.4
    },
    {
      timestamp: '2026-04-15 14:00:00',
      windMs: 2.1,
      precipitationMm: 0,
      temperatureC: 30.4
    },
    {
      timestamp: '2026-04-15 16:00:00',
      windMs: 2,
      precipitationMm: 0,
      temperatureC: 31.6
    },
    {
      timestamp: '2026-04-15 18:00:00',
      windMs: 2.1,
      precipitationMm: 0,
      temperatureC: 29.9
    },
    {
      timestamp: '2026-04-15 20:00:00',
      windMs: 3.2,
      precipitationMm: 0,
      temperatureC: 29.9
    },
    {
      timestamp: '2026-04-15 22:00:00',
      windMs: 3.2,
      precipitationMm: 0,
      temperatureC: 28.8
    },
    {
      timestamp: '2026-04-16 00:00:00',
      windMs: 2.3,
      precipitationMm: 0,
      temperatureC: 28.6
    },
    {
      timestamp: '2026-04-16 02:00:00',
      windMs: 2,
      precipitationMm: 0,
      temperatureC: 27.7
    },
    {
      timestamp: '2026-04-16 04:00:00',
      windMs: 2,
      precipitationMm: 0,
      temperatureC: 26.7
    },
    {
      timestamp: '2026-04-16 06:00:00',
      windMs: 2.3,
      precipitationMm: 0,
      temperatureC: 27
    },
    {
      timestamp: '2026-04-16 08:00:00',
      windMs: 2.4,
      precipitationMm: 0,
      temperatureC: 27.2
    },
    {
      timestamp: '2026-04-16 10:00:00',
      windMs: 2.9,
      precipitationMm: 0,
      temperatureC: 28.2
    },
    {
      timestamp: '2026-04-16 12:00:00',
      windMs: 3.1,
      precipitationMm: 0,
      temperatureC: 30.1
    },
    {
      timestamp: '2026-04-16 14:00:00',
      windMs: 2.8,
      precipitationMm: 0,
      temperatureC: 30.2
    },
    {
      timestamp: '2026-04-16 16:00:00',
      windMs: 2.6,
      precipitationMm: 0,
      temperatureC: 29.7
    },
    {
      timestamp: '2026-04-16 18:00:00',
      windMs: 25,
      precipitationMm: 0,
      temperatureC: 28.9
    },
    {
      timestamp: '2026-04-16 20:00:00',
      windMs: 6.6,
      precipitationMm: 0,
      temperatureC: 28.4
    },
    {
      timestamp: '2026-04-16 22:00:00',
      windMs: 3.9,
      precipitationMm: 0,
      temperatureC: 28.2
    },
    {
      timestamp: '2026-04-17 00:00:00',
      windMs: 3.2,
      precipitationMm: 0,
      temperatureC: 27.8
    },
    {
      timestamp: '2026-04-17 02:00:00',
      windMs: 2.7,
      precipitationMm: 0,
      temperatureC: 26.3
    },
    {
      timestamp: '2026-04-17 04:00:00',
      windMs: 3,
      precipitationMm: 0.2,
      temperatureC: 26.8
    },
    {
      timestamp: '2026-04-17 06:00:00',
      windMs: 2.8,
      precipitationMm: 0.2,
      temperatureC: 27
    },
    {
      timestamp: '2026-04-17 08:00:00',
      windMs: 2.8,
      precipitationMm: 0,
      temperatureC: 26.5
    },
    {
      timestamp: '2026-04-17 10:00:00',
      windMs: 2.4,
      precipitationMm: 0,
      temperatureC: 26.8
    },
    {
      timestamp: '2026-04-17 12:00:00',
      windMs: 3.1,
      precipitationMm: 0,
      temperatureC: 27.6
    },
    {
      timestamp: '2026-04-17 14:00:00',
      windMs: 2.9,
      precipitationMm: 0,
      temperatureC: 29.7
    },
    {
      timestamp: '2026-04-17 16:00:00',
      windMs: 3.4,
      precipitationMm: 0,
      temperatureC: 31.1
    },
    {
      timestamp: '2026-04-17 18:00:00',
      windMs: 2.9,
      precipitationMm: 0,
      temperatureC: 30.5
    },
    {
      timestamp: '2026-04-17 20:00:00',
      windMs: 3,
      precipitationMm: 0,
      temperatureC: 31
    },
    {
      timestamp: '2026-04-17 22:00:00',
      windMs: 2.6,
      precipitationMm: 0,
      temperatureC: 28.5
    },
    {
      timestamp: '2026-04-18 00:00:00',
      windMs: 3.3,
      precipitationMm: 0,
      temperatureC: 29.1
    },
    {
      timestamp: '2026-04-18 02:00:00',
      windMs: 2.7,
      precipitationMm: 0,
      temperatureC: 28.6
    },
    {
      timestamp: '2026-04-18 04:00:00',
      windMs: 2.4,
      precipitationMm: 0,
      temperatureC: 27.2
    },
    {
      timestamp: '2026-04-18 06:00:00',
      windMs: 2.7,
      precipitationMm: 0,
      temperatureC: 28.5
    },
    {
      timestamp: '2026-04-18 08:00:00',
      windMs: 2.3,
      precipitationMm: 0,
      temperatureC: 28.1
    },
    {
      timestamp: '2026-04-18 10:00:00',
      windMs: 2.5,
      precipitationMm: 0,
      temperatureC: 30.1
    },
    {
      timestamp: '2026-04-18 12:00:00',
      windMs: 2.8,
      precipitationMm: 0,
      temperatureC: 29.3
    },
    {
      timestamp: '2026-04-18 14:00:00',
      windMs: 3.2,
      precipitationMm: 0,
      temperatureC: 29.6
    },
    {
      timestamp: '2026-04-18 16:00:00',
      windMs: 3.4,
      precipitationMm: 0,
      temperatureC: 31.1
    },
    {
      timestamp: '2026-04-18 18:00:00',
      windMs: 2.6,
      precipitationMm: 0,
      temperatureC: 30.6
    },
    {
      timestamp: '2026-04-18 20:00:00',
      windMs: 6.6,
      precipitationMm: 0,
      temperatureC: 29.5
    },
    {
      timestamp: '2026-04-18 22:00:00',
      windMs: 3.9,
      precipitationMm: 0,
      temperatureC: 28.6
    },
    {
      timestamp: '2026-04-19 00:00:00',
      windMs: 2.8,
      precipitationMm: 0,
      temperatureC: 27.1
    },
    {
      timestamp: '2026-04-19 02:00:00',
      windMs: 3.3,
      precipitationMm: 0,
      temperatureC: 28
    },
    {
      timestamp: '2026-04-19 04:00:00',
      windMs: 3.6,
      precipitationMm: 0,
      temperatureC: 27.3
    },
    {
      timestamp: '2026-04-19 06:00:00',
      windMs: 2.9,
      precipitationMm: 0,
      temperatureC: 27.1
    },
    {
      timestamp: '2026-04-19 08:00:00',
      windMs: 3.2,
      precipitationMm: 0,
      temperatureC: 26.9
    },
    {
      timestamp: '2026-04-19 10:00:00',
      windMs: 3.5,
      precipitationMm: 0,
      temperatureC: 27.9
    },
    {
      timestamp: '2026-04-19 12:00:00',
      windMs: 3.3,
      precipitationMm: 0,
      temperatureC: 29.5
    },
    {
      timestamp: '2026-04-19 14:00:00',
      windMs: 2.9,
      precipitationMm: 0,
      temperatureC: 29.6
    },
    {
      timestamp: '2026-04-19 16:00:00',
      windMs: 2.2,
      precipitationMm: 0,
      temperatureC: 31
    },
    {
      timestamp: '2026-04-19 18:00:00',
      windMs: 22,
      precipitationMm: 0,
      temperatureC: 30.7
    },
    {
      timestamp: '2026-04-19 20:00:00',
      windMs: 3.9,
      precipitationMm: 0,
      temperatureC: 31
    },
    {
      timestamp: '2026-04-19 22:00:00',
      windMs: 3.4,
      precipitationMm: 0,
      temperatureC: 30
    },
    {
      timestamp: '2026-04-20 00:00:00',
      windMs: 3,
      precipitationMm: 0,
      temperatureC: 29
    },
    {
      timestamp: '2026-04-20 02:00:00',
      windMs: 2.9,
      precipitationMm: 0,
      temperatureC: 29.1
    },
    {
      timestamp: '2026-04-20 04:00:00',
      windMs: 3.6,
      precipitationMm: 0,
      temperatureC: 29.1
    },
    {
      timestamp: '2026-04-20 06:00:00',
      windMs: 3,
      precipitationMm: 0,
      temperatureC: 29
    },
    {
      timestamp: '2026-04-20 08:00:00',
      windMs: 3.8,
      precipitationMm: 0,
      temperatureC: 29.3
    },
    {
      timestamp: '2026-04-20 10:00:00',
      windMs: 3.8,
      precipitationMm: 0,
      temperatureC: 29.9
    },
    {
      timestamp: '2026-04-20 12:00:00',
      windMs: 3.2,
      precipitationMm: 0,
      temperatureC: 30.4
    },
    {
      timestamp: '2026-04-20 14:00:00',
      windMs: 2.4,
      precipitationMm: 0,
      temperatureC: 30.2
    },
    {
      timestamp: '2026-04-20 16:00:00',
      windMs: 2,
      precipitationMm: 0,
      temperatureC: 29.9
    },
    {
      timestamp: '2026-04-20 18:00:00',
      windMs: 28,
      precipitationMm: 0.2,
      temperatureC: 30
    },
    {
      timestamp: '2026-04-20 20:00:00',
      windMs: 3.9,
      precipitationMm: 0,
      temperatureC: 29.1
    },
    {
      timestamp: '2026-04-20 22:00:00',
      windMs: 2.9,
      precipitationMm: 0,
      temperatureC: 27.8
    },
    {
      timestamp: '2026-04-21 00:00:00',
      windMs: 2.5,
      precipitationMm: 0,
      temperatureC: 27
    },
    {
      timestamp: '2026-04-21 02:00:00',
      windMs: 2.4,
      precipitationMm: 0,
      temperatureC: 27.6
    },
    {
      timestamp: '2026-04-21 04:00:00',
      windMs: 2.6,
      precipitationMm: 0,
      temperatureC: 28.3
    },
    {
      timestamp: '2026-04-21 06:00:00',
      windMs: 2.6,
      precipitationMm: 0,
      temperatureC: 27.7
    },
    {
      timestamp: '2026-04-21 08:00:00',
      windMs: 2.6,
      precipitationMm: 0,
      temperatureC: 27
    },
    {
      timestamp: '2026-04-21 10:00:00',
      windMs: 2.8,
      precipitationMm: 0,
      temperatureC: 29.1
    },
    {
      timestamp: '2026-04-21 12:00:00',
      windMs: 3,
      precipitationMm: 0,
      temperatureC: 29.1
    },
    {
      timestamp: '2026-04-21 14:00:00',
      windMs: 3.3,
      precipitationMm: 0,
      temperatureC: 29.9
    },
    {
      timestamp: '2026-04-21 16:00:00',
      windMs: 3.2,
      precipitationMm: 0,
      temperatureC: 30.3
    },
    {
      timestamp: '2026-04-21 18:00:00',
      windMs: 2.5,
      precipitationMm: 0,
      temperatureC: 31
    },
    {
      timestamp: '2026-04-21 20:00:00',
      windMs: 2.7,
      precipitationMm: 0,
      temperatureC: 30.5
    },
    {
      timestamp: '2026-04-21 22:00:00',
      windMs: 2.3,
      precipitationMm: 0.4,
      temperatureC: 29.1
    }
  ]
}
[standard] ← {"documentation":"{\"code\":50,\"message\":\"Wind turbine documentation returned.\",\"language\":\"en\",\"ratedPowerKw\":14,\"windPowerYieldPercent\":[{\"windMs\":4,\"yieldPercent\":\"10-15\"},{\"windMs\":6,\"yieldPercent\":\"30-40\"},{\"windMs\":8,\"yieldPercent\":\"60-70\"},{\"windMs\":10,\"yieldP…
[standard] Tool: windpower_config({"configs":[{"startDate":"2026-04-17","startHour":"12:00:00","windMs":3.1,"pitchAngle":0,"turbineMod…)
[+74.6s] {"apikey":"45c66011-814f-47fa-b1a6-cb4b31bc5ada","task":"windpower","answer":{"action":"unlockCodeGenerator","startDate":"2026-04-17","startHour":"12:00:00","windMs":3.1,"pitchAngle":0}}
[+74.6s] {"apikey":"45c66011-814f-47fa-b1a6-cb4b31bc5ada","task":"windpower","answer":{"action":"unlockCodeGenerator","startDate":"2026-04-17","startHour":"14:00:00","windMs":2.9,"pitchAngle":0}}
[+74.6s] {"apikey":"45c66011-814f-47fa-b1a6-cb4b31bc5ada","task":"windpower","answer":{"action":"unlockCodeGenerator","startDate":"2026-04-17","startHour":"16:00:00","windMs":3.4,"pitchAngle":0}}
[+74.6s] {"apikey":"45c66011-814f-47fa-b1a6-cb4b31bc5ada","task":"windpower","answer":{"action":"unlockCodeGenerator","startDate":"2026-04-17","startHour":"18:00:00","windMs":2.9,"pitchAngle":0}}
[+74.6s] {"apikey":"45c66011-814f-47fa-b1a6-cb4b31bc5ada","task":"windpower","answer":{"action":"unlockCodeGenerator","startDate":"2026-04-17","startHour":"20:00:00","windMs":3,"pitchAngle":0}}
[+74.6s] {"apikey":"45c66011-814f-47fa-b1a6-cb4b31bc5ada","task":"windpower","answer":{"action":"unlockCodeGenerator","startDate":"2026-04-18","startHour":"00:00:00","windMs":3.3,"pitchAngle":0}}
[+74.6s] {"apikey":"45c66011-814f-47fa-b1a6-cb4b31bc5ada","task":"windpower","answer":{"action":"unlockCodeGenerator","startDate":"2026-04-18","startHour":"02:00:00","windMs":2.7,"pitchAngle":0}}
[+74.6s] {"apikey":"45c66011-814f-47fa-b1a6-cb4b31bc5ada","task":"windpower","answer":{"action":"unlockCodeGenerator","startDate":"2026-04-18","startHour":"04:00:00","windMs":2.4,"pitchAngle":0}}
[+74.6s] {"apikey":"45c66011-814f-47fa-b1a6-cb4b31bc5ada","task":"windpower","answer":{"action":"unlockCodeGenerator","startDate":"2026-04-18","startHour":"06:00:00","windMs":2.7,"pitchAngle":0}}
[+74.6s] {"apikey":"45c66011-814f-47fa-b1a6-cb4b31bc5ada","task":"windpower","answer":{"action":"unlockCodeGenerator","startDate":"2026-04-18","startHour":"08:00:00","windMs":2.3,"pitchAngle":0}}
[+74.6s] {"apikey":"45c66011-814f-47fa-b1a6-cb4b31bc5ada","task":"windpower","answer":{"action":"unlockCodeGenerator","startDate":"2026-04-18","startHour":"10:00:00","windMs":2.5,"pitchAngle":0}}
[+74.6s] {"apikey":"45c66011-814f-47fa-b1a6-cb4b31bc5ada","task":"windpower","answer":{"action":"unlockCodeGenerator","startDate":"2026-04-18","startHour":"12:00:00","windMs":2.8,"pitchAngle":0}}
[+74.6s] {"apikey":"45c66011-814f-47fa-b1a6-cb4b31bc5ada","task":"windpower","answer":{"action":"unlockCodeGenerator","startDate":"2026-04-18","startHour":"14:00:00","windMs":3.2,"pitchAngle":0}}
[+74.6s] {"apikey":"45c66011-814f-47fa-b1a6-cb4b31bc5ada","task":"windpower","answer":{"action":"unlockCodeGenerator","startDate":"2026-04-18","startHour":"16:00:00","windMs":3.4,"pitchAngle":0}}
[+74.9s] {"code":14,"message":"Task has been queued. Use getResult to retrieve the response."}
[+74.9s] {"code":14,"message":"Task has been queued. Use getResult to retrieve the response."}
[+74.9s] {"code":14,"message":"Task has been queued. Use getResult to retrieve the response."}
[+74.9s] {"code":14,"message":"Task has been queued. Use getResult to retrieve the response."}
[+74.9s] {"code":14,"message":"Task has been queued. Use getResult to retrieve the response."}
[+74.9s] {"code":14,"message":"Task has been queued. Use getResult to retrieve the response."}
[+74.9s] {"code":14,"message":"Task has been queued. Use getResult to retrieve the response."}
[+74.9s] {"code":14,"message":"Task has been queued. Use getResult to retrieve the response."}
[+74.9s] {"code":14,"message":"Task has been queued. Use getResult to retrieve the response."}
[+74.9s] {"code":14,"message":"Task has been queued. Use getResult to retrieve the response."}
[+74.9s] {"code":14,"message":"Task has been queued. Use getResult to retrieve the response."}
[+74.9s] {"code":14,"message":"Task has been queued. Use getResult to retrieve the response."}
[+74.9s] {"code":14,"message":"Task has been queued. Use getResult to retrieve the response."}
[+74.9s] {"code":14,"message":"Task has been queued. Use getResult to retrieve the response."}
[+76.7s] {
  code: 12,
  message: 'Queued response retrieved.',
  sourceFunction: 'unlockCodeGenerator',
  unlockCode: 'a2d1a42916d64ef2b4c357a1aa0584de',
  signedParams: {
    startDate: '2026-04-17',
    startHour: '12:00:00',
    windMs: '3.1',
    pitchAngle: '0.0'
  }
}
[+76.8s] {
  code: 12,
  message: 'Queued response retrieved.',
  sourceFunction: 'unlockCodeGenerator',
  unlockCode: '5c016b0b654afb5023b276db01aa0301',
  signedParams: {
    startDate: '2026-04-17',
    startHour: '18:00:00',
    windMs: '2.9',
    pitchAngle: '0.0'
  }
}
[+76.9s] {
  code: 12,
  message: 'Queued response retrieved.',
  sourceFunction: 'unlockCodeGenerator',
  unlockCode: '210c4c31928bae62b6de4b05f502c88c',
  signedParams: {
    startDate: '2026-04-18',
    startHour: '16:00:00',
    windMs: '3.4',
    pitchAngle: '0.0'
  }
}
[+77.0s] {
  code: 12,
  message: 'Queued response retrieved.',
  sourceFunction: 'unlockCodeGenerator',
  unlockCode: '560b715c72448f4a23466223e53503da',
  signedParams: {
    startDate: '2026-04-18',
    startHour: '06:00:00',
    windMs: '2.7',
    pitchAngle: '0.0'
  }
}
[+77.0s] {
  code: 12,
  message: 'Queued response retrieved.',
  sourceFunction: 'unlockCodeGenerator',
  unlockCode: '967f8c9d64901c3acad063e48a06349f',
  signedParams: {
    startDate: '2026-04-17',
    startHour: '20:00:00',
    windMs: '3.0',
    pitchAngle: '0.0'
  }
}
[+77.1s] {
  code: 12,
  message: 'Queued response retrieved.',
  sourceFunction: 'unlockCodeGenerator',
  unlockCode: 'f2945b7305f18c8e39f9de33be036741',
  signedParams: {
    startDate: '2026-04-17',
    startHour: '14:00:00',
    windMs: '2.9',
    pitchAngle: '0.0'
  }
}
[+77.2s] {
  code: 12,
  message: 'Queued response retrieved.',
  sourceFunction: 'unlockCodeGenerator',
  unlockCode: '7b6c12a5dcc5eae2c880ce5e7a3dbbf1',
  signedParams: {
    startDate: '2026-04-18',
    startHour: '04:00:00',
    windMs: '2.4',
    pitchAngle: '0.0'
  }
}
[+77.3s] {
  code: 12,
  message: 'Queued response retrieved.',
  sourceFunction: 'unlockCodeGenerator',
  unlockCode: '7adc3805d521ead97aca5f0a94025e26',
  signedParams: {
    startDate: '2026-04-18',
    startHour: '00:00:00',
    windMs: '3.3',
    pitchAngle: '0.0'
  }
}
[+77.3s] {
  code: 12,
  message: 'Queued response retrieved.',
  sourceFunction: 'unlockCodeGenerator',
  unlockCode: '742cadb3ea192b530da802b17411c2a7',
  signedParams: {
    startDate: '2026-04-17',
    startHour: '16:00:00',
    windMs: '3.4',
    pitchAngle: '0.0'
  }
}
[+77.4s] {
  code: 12,
  message: 'Queued response retrieved.',
  sourceFunction: 'unlockCodeGenerator',
  unlockCode: '7f184ba8efa2701378980dbeb78121d2',
  signedParams: {
    startDate: '2026-04-18',
    startHour: '02:00:00',
    windMs: '2.7',
    pitchAngle: '0.0'
  }
}
[+77.5s] {
  code: 12,
  message: 'Queued response retrieved.',
  sourceFunction: 'unlockCodeGenerator',
  unlockCode: 'f3fead8466517ed14e313cdcaf146e0d',
  signedParams: {
    startDate: '2026-04-18',
    startHour: '12:00:00',
    windMs: '2.8',
    pitchAngle: '0.0'
  }
}
[+77.6s] {
  code: 12,
  message: 'Queued response retrieved.',
  sourceFunction: 'unlockCodeGenerator',
  unlockCode: '5a4ee790316a4d026b2731cfef3b3457',
  signedParams: {
    startDate: '2026-04-18',
    startHour: '10:00:00',
    windMs: '2.5',
    pitchAngle: '0.0'
  }
}
[+77.6s] {
  code: 12,
  message: 'Queued response retrieved.',
  sourceFunction: 'unlockCodeGenerator',
  unlockCode: '50f8eef6d17c4b1783ac75aea86785f3',
  signedParams: {
    startDate: '2026-04-18',
    startHour: '08:00:00',
    windMs: '2.3',
    pitchAngle: '0.0'
  }
}
[+79.1s] {
  code: -805,
  message: "Service window timeout exceeded. Run action 'start' and try again."
}
[standard] ← {"code":-805,"message":"Service window timeout exceeded. Run action 'start' and try again."}
[standard] Tool: windpower_start({})
[+80.0s] {"apikey":"45c66011-814f-47fa-b1a6-cb4b31bc5ada","task":"windpower","answer":{"action":"start"}}
[+80.2s] {"code":60,"message":"Windpower session started.","sessionStart":"2026-04-15 11:40:29","sessionTimeout":40}
[standard] ← {"code":60,"message":"Windpower session started.","sessionStart":"2026-04-15 11:40:29","sessionTimeout":40}
Agent finished. Result: Agent exceeded maximum turns
